CRITICAL - 2021-12-07 02:15:29 --> syntax error, unexpected '$db' (T_VARIABLE), expecting function (T_FUNCTION) or const (T_CONST)
#0 C:\xampp\htdocs\cro4\vendor\codeigniter4\framework\system\Autoloader\Autoloader.php(296): CodeIgniter\Autoloader\Autoloader->requireFile('C:\\xampp\\htdocs...')
#1 C:\xampp\htdocs\cro4\vendor\codeigniter4\framework\system\Autoloader\Autoloader.php(258): CodeIgniter\Autoloader\Autoloader->loadInNamespace('Config\\Database')
#2 [internal function]: CodeIgniter\Autoloader\Autoloader->loadClass('Config\\Database')
#3 C:\xampp\htdocs\cro4\vendor\codeigniter4\framework\system\Model.php(336): spl_autoload_call('Config\\Database')
#4 C:\xampp\htdocs\cro4\app\Controllers\Barang.php(10): CodeIgniter\Model->__construct()
#5 C:\xampp\htdocs\cro4\vendor\codeigniter4\framework\system\CodeIgniter.php(910): App\Controllers\Barang->index()
#6 C:\xampp\htdocs\cro4\vendor\codeigniter4\framework\system\CodeIgniter.php(398): CodeIgniter\CodeIgniter->runController(Object(App\Controllers\Barang))
#7 C:\xampp\htdocs\cro4\vendor\codeigniter4\framework\system\CodeIgniter.php(306): CodeIgniter\CodeIgniter->handleRequest(NULL, Object(Config\Cache), false)
#8 C:\xampp\htdocs\cro4\index.php(46): CodeIgniter\CodeIgniter->run()
#9 {main}
CRITICAL - 2021-12-07 02:15:44 --> syntax error, unexpected '$db' (T_VARIABLE), expecting function (T_FUNCTION) or const (T_CONST)
#0 C:\xampp\htdocs\cro4\vendor\codeigniter4\framework\system\Autoloader\Autoloader.php(296): CodeIgniter\Autoloader\Autoloader->requireFile('C:\\xampp\\htdocs...')
#1 C:\xampp\htdocs\cro4\vendor\codeigniter4\framework\system\Autoloader\Autoloader.php(258): CodeIgniter\Autoloader\Autoloader->loadInNamespace('Config\\Database')
#2 [internal function]: CodeIgniter\Autoloader\Autoloader->loadClass('Config\\Database')
#3 C:\xampp\htdocs\cro4\vendor\codeigniter4\framework\system\Model.php(336): spl_autoload_call('Config\\Database')
#4 C:\xampp\htdocs\cro4\app\Controllers\Barang.php(10): CodeIgniter\Model->__construct()
#5 C:\xampp\htdocs\cro4\vendor\codeigniter4\framework\system\CodeIgniter.php(910): App\Controllers\Barang->index()
#6 C:\xampp\htdocs\cro4\vendor\codeigniter4\framework\system\CodeIgniter.php(398): CodeIgniter\CodeIgniter->runController(Object(App\Controllers\Barang))
#7 C:\xampp\htdocs\cro4\vendor\codeigniter4\framework\system\CodeIgniter.php(306): CodeIgniter\CodeIgniter->handleRequest(NULL, Object(Config\Cache), false)
#8 C:\xampp\htdocs\cro4\index.php(46): CodeIgniter\CodeIgniter->run()
#9 {main}
CRITICAL - 2021-12-07 02:17:13 --> Table 'db_cro.barang' doesn't exist
#0 C:\xampp\htdocs\cro4\vendor\codeigniter4\framework\system\Database\MySQLi\Connection.php(330): mysqli->query('SELECT *\nFROM `...')
#1 C:\xampp\htdocs\cro4\vendor\codeigniter4\framework\system\Database\BaseConnection.php(738): CodeIgniter\Database\MySQLi\Connection->execute('SELECT *\nFROM `...')
#2 C:\xampp\htdocs\cro4\vendor\codeigniter4\framework\system\Database\BaseConnection.php(666): CodeIgniter\Database\BaseConnection->simpleQuery('SELECT *\nFROM `...')
#3 C:\xampp\htdocs\cro4\vendor\codeigniter4\framework\system\Database\BaseBuilder.php(1819): CodeIgniter\Database\BaseConnection->query('SELECT *\nFROM `...', Array, false)
#4 C:\xampp\htdocs\cro4\vendor\codeigniter4\framework\system\Model.php(445): CodeIgniter\Database\BaseBuilder->get()
#5 C:\xampp\htdocs\cro4\app\Models\Barang_model.php(12): CodeIgniter\Model->findAll()
#6 C:\xampp\htdocs\cro4\app\Controllers\Barang.php(12): App\Models\Barang_model->getBarang()
#7 C:\xampp\htdocs\cro4\vendor\codeigniter4\framework\system\CodeIgniter.php(910): App\Controllers\Barang->index()
#8 C:\xampp\htdocs\cro4\vendor\codeigniter4\framework\system\CodeIgniter.php(398): CodeIgniter\CodeIgniter->runController(Object(App\Controllers\Barang))
#9 C:\xampp\htdocs\cro4\vendor\codeigniter4\framework\system\CodeIgniter.php(306): CodeIgniter\CodeIgniter->handleRequest(NULL, Object(Config\Cache), false)
#10 C:\xampp\htdocs\cro4\index.php(46): CodeIgniter\CodeIgniter->run()
#11 {main}
CRITICAL - 2021-12-07 02:19:12 --> Table 'db_cro.barang' doesn't exist
#0 C:\xampp\htdocs\cro4\vendor\codeigniter4\framework\system\Database\MySQLi\Connection.php(330): mysqli->query('SELECT *\nFROM `...')
#1 C:\xampp\htdocs\cro4\vendor\codeigniter4\framework\system\Database\BaseConnection.php(738): CodeIgniter\Database\MySQLi\Connection->execute('SELECT *\nFROM `...')
#2 C:\xampp\htdocs\cro4\vendor\codeigniter4\framework\system\Database\BaseConnection.php(666): CodeIgniter\Database\BaseConnection->simpleQuery('SELECT *\nFROM `...')
#3 C:\xampp\htdocs\cro4\vendor\codeigniter4\framework\system\Database\BaseBuilder.php(1819): CodeIgniter\Database\BaseConnection->query('SELECT *\nFROM `...', Array, false)
#4 C:\xampp\htdocs\cro4\vendor\codeigniter4\framework\system\Model.php(445): CodeIgniter\Database\BaseBuilder->get()
#5 C:\xampp\htdocs\cro4\app\Models\Barang_model.php(12): CodeIgniter\Model->findAll()
#6 C:\xampp\htdocs\cro4\app\Controllers\Barang.php(12): App\Models\Barang_model->getBarang()
#7 C:\xampp\htdocs\cro4\vendor\codeigniter4\framework\system\CodeIgniter.php(910): App\Controllers\Barang->index()
#8 C:\xampp\htdocs\cro4\vendor\codeigniter4\framework\system\CodeIgniter.php(398): CodeIgniter\CodeIgniter->runController(Object(App\Controllers\Barang))
#9 C:\xampp\htdocs\cro4\vendor\codeigniter4\framework\system\CodeIgniter.php(306): CodeIgniter\CodeIgniter->handleRequest(NULL, Object(Config\Cache), false)
#10 C:\xampp\htdocs\cro4\index.php(46): CodeIgniter\CodeIgniter->run()
#11 {main}
CRITICAL - 2021-12-07 02:19:42 --> Table 'db_cro.barang' doesn't exist
#0 C:\xampp\htdocs\cro4\vendor\codeigniter4\framework\system\Database\MySQLi\Connection.php(330): mysqli->query('SELECT *\nFROM `...')
#1 C:\xampp\htdocs\cro4\vendor\codeigniter4\framework\system\Database\BaseConnection.php(738): CodeIgniter\Database\MySQLi\Connection->execute('SELECT *\nFROM `...')
#2 C:\xampp\htdocs\cro4\vendor\codeigniter4\framework\system\Database\BaseConnection.php(666): CodeIgniter\Database\BaseConnection->simpleQuery('SELECT *\nFROM `...')
#3 C:\xampp\htdocs\cro4\vendor\codeigniter4\framework\system\Database\BaseBuilder.php(1819): CodeIgniter\Database\BaseConnection->query('SELECT *\nFROM `...', Array, false)
#4 C:\xampp\htdocs\cro4\vendor\codeigniter4\framework\system\Model.php(445): CodeIgniter\Database\BaseBuilder->get()
#5 C:\xampp\htdocs\cro4\app\Models\Barang_model.php(12): CodeIgniter\Model->findAll()
#6 C:\xampp\htdocs\cro4\app\Controllers\Barang.php(12): App\Models\Barang_model->getBarang()
#7 C:\xampp\htdocs\cro4\vendor\codeigniter4\framework\system\CodeIgniter.php(910): App\Controllers\Barang->index()
#8 C:\xampp\htdocs\cro4\vendor\codeigniter4\framework\system\CodeIgniter.php(398): CodeIgniter\CodeIgniter->runController(Object(App\Controllers\Barang))
#9 C:\xampp\htdocs\cro4\vendor\codeigniter4\framework\system\CodeIgniter.php(306): CodeIgniter\CodeIgniter->handleRequest(NULL, Object(Config\Cache), false)
#10 C:\xampp\htdocs\cro4\index.php(46): CodeIgniter\CodeIgniter->run()
#11 {main}
CRITICAL - 2021-12-07 02:20:25 --> Table 'db_cro.barang' doesn't exist
#0 C:\xampp\htdocs\cro4\vendor\codeigniter4\framework\system\Database\MySQLi\Connection.php(330): mysqli->query('SELECT *\nFROM `...')
#1 C:\xampp\htdocs\cro4\vendor\codeigniter4\framework\system\Database\BaseConnection.php(738): CodeIgniter\Database\MySQLi\Connection->execute('SELECT *\nFROM `...')
#2 C:\xampp\htdocs\cro4\vendor\codeigniter4\framework\system\Database\BaseConnection.php(666): CodeIgniter\Database\BaseConnection->simpleQuery('SELECT *\nFROM `...')
#3 C:\xampp\htdocs\cro4\vendor\codeigniter4\framework\system\Database\BaseBuilder.php(1819): CodeIgniter\Database\BaseConnection->query('SELECT *\nFROM `...', Array, false)
#4 C:\xampp\htdocs\cro4\vendor\codeigniter4\framework\system\Model.php(445): CodeIgniter\Database\BaseBuilder->get()
#5 C:\xampp\htdocs\cro4\app\Models\Barang_model.php(12): CodeIgniter\Model->findAll()
#6 C:\xampp\htdocs\cro4\app\Controllers\Barang.php(12): App\Models\Barang_model->getBarang()
#7 C:\xampp\htdocs\cro4\vendor\codeigniter4\framework\system\CodeIgniter.php(910): App\Controllers\Barang->index()
#8 C:\xampp\htdocs\cro4\vendor\codeigniter4\framework\system\CodeIgniter.php(398): CodeIgniter\CodeIgniter->runController(Object(App\Controllers\Barang))
#9 C:\xampp\htdocs\cro4\vendor\codeigniter4\framework\system\CodeIgniter.php(306): CodeIgniter\CodeIgniter->handleRequest(NULL, Object(Config\Cache), false)
#10 C:\xampp\htdocs\cro4\index.php(46): CodeIgniter\CodeIgniter->run()
#11 {main}
CRITICAL - 2021-12-07 02:27:46 --> Class 'App\Controllers\CI_Controller' not found
#0 C:\xampp\htdocs\cro4\vendor\codeigniter4\framework\system\Autoloader\Autoloader.php(365): require_once()
#1 C:\xampp\htdocs\cro4\vendor\codeigniter4\framework\system\Autoloader\Autoloader.php(296): CodeIgniter\Autoloader\Autoloader->requireFile('C:\\xampp\\htdocs...')
#2 C:\xampp\htdocs\cro4\vendor\codeigniter4\framework\system\Autoloader\Autoloader.php(258): CodeIgniter\Autoloader\Autoloader->loadInNamespace('App\\Controllers...')
#3 [internal function]: CodeIgniter\Autoloader\Autoloader->loadClass('App\\Controllers...')
#4 [internal function]: spl_autoload_call('App\\Controllers...')
#5 C:\xampp\htdocs\cro4\vendor\codeigniter4\framework\system\CodeIgniter.php(861): class_exists('\\App\\Controller...', true)
#6 C:\xampp\htdocs\cro4\vendor\codeigniter4\framework\system\CodeIgniter.php(388): CodeIgniter\CodeIgniter->startController()
#7 C:\xampp\htdocs\cro4\vendor\codeigniter4\framework\system\CodeIgniter.php(306): CodeIgniter\CodeIgniter->handleRequest(NULL, Object(Config\Cache), false)
#8 C:\xampp\htdocs\cro4\index.php(46): CodeIgniter\CodeIgniter->run()
#9 {main}
CRITICAL - 2021-12-07 02:34:25 --> Call to a member function post() on null
#0 C:\xampp\htdocs\cro4\vendor\codeigniter4\framework\system\CodeIgniter.php(910): App\Controllers\C_login->aksilogin()
#1 C:\xampp\htdocs\cro4\vendor\codeigniter4\framework\system\CodeIgniter.php(398): CodeIgniter\CodeIgniter->runController(Object(App\Controllers\C_login))
#2 C:\xampp\htdocs\cro4\vendor\codeigniter4\framework\system\CodeIgniter.php(306): CodeIgniter\CodeIgniter->handleRequest(NULL, Object(Config\Cache), false)
#3 C:\xampp\htdocs\cro4\index.php(46): CodeIgniter\CodeIgniter->run()
#4 {main}
CRITICAL - 2021-12-07 02:47:16 --> syntax error, unexpected '$pass' (T_VARIABLE)
#0 C:\xampp\htdocs\cro4\vendor\codeigniter4\framework\system\Autoloader\Autoloader.php(296): CodeIgniter\Autoloader\Autoloader->requireFile('C:\\xampp\\htdocs...')
#1 C:\xampp\htdocs\cro4\vendor\codeigniter4\framework\system\Autoloader\Autoloader.php(258): CodeIgniter\Autoloader\Autoloader->loadInNamespace('App\\Controllers...')
#2 [internal function]: CodeIgniter\Autoloader\Autoloader->loadClass('App\\Controllers...')
#3 [internal function]: spl_autoload_call('App\\Controllers...')
#4 C:\xampp\htdocs\cro4\vendor\codeigniter4\framework\system\CodeIgniter.php(861): class_exists('\\App\\Controller...', true)
#5 C:\xampp\htdocs\cro4\vendor\codeigniter4\framework\system\CodeIgniter.php(388): CodeIgniter\CodeIgniter->startController()
#6 C:\xampp\htdocs\cro4\vendor\codeigniter4\framework\system\CodeIgniter.php(306): CodeIgniter\CodeIgniter->handleRequest(NULL, Object(Config\Cache), false)
#7 C:\xampp\htdocs\cro4\index.php(46): CodeIgniter\CodeIgniter->run()
#8 {main}
CRITICAL - 2021-12-07 02:47:20 --> syntax error, unexpected '$pass' (T_VARIABLE)
#0 C:\xampp\htdocs\cro4\vendor\codeigniter4\framework\system\Autoloader\Autoloader.php(296): CodeIgniter\Autoloader\Autoloader->requireFile('C:\\xampp\\htdocs...')
#1 C:\xampp\htdocs\cro4\vendor\codeigniter4\framework\system\Autoloader\Autoloader.php(258): CodeIgniter\Autoloader\Autoloader->loadInNamespace('App\\Controllers...')
#2 [internal function]: CodeIgniter\Autoloader\Autoloader->loadClass('App\\Controllers...')
#3 [internal function]: spl_autoload_call('App\\Controllers...')
#4 C:\xampp\htdocs\cro4\vendor\codeigniter4\framework\system\CodeIgniter.php(861): class_exists('\\App\\Controller...', true)
#5 C:\xampp\htdocs\cro4\vendor\codeigniter4\framework\system\CodeIgniter.php(388): CodeIgniter\CodeIgniter->startController()
#6 C:\xampp\htdocs\cro4\vendor\codeigniter4\framework\system\CodeIgniter.php(306): CodeIgniter\CodeIgniter->handleRequest(NULL, Object(Config\Cache), false)
#7 C:\xampp\htdocs\cro4\index.php(46): CodeIgniter\CodeIgniter->run()
#8 {main}
CRITICAL - 2021-12-07 02:47:26 --> syntax error, unexpected '$pass' (T_VARIABLE)
#0 C:\xampp\htdocs\cro4\vendor\codeigniter4\framework\system\Router\Router.php(192): CodeIgniter\Router\Router->autoRoute('/C_login')
#1 C:\xampp\htdocs\cro4\vendor\codeigniter4\framework\system\CodeIgniter.php(785): CodeIgniter\Router\Router->handle('/C_login')
#2 C:\xampp\htdocs\cro4\vendor\codeigniter4\framework\system\CodeIgniter.php(358): CodeIgniter\CodeIgniter->tryToRouteIt(Object(CodeIgniter\Router\RouteCollection))
#3 C:\xampp\htdocs\cro4\vendor\codeigniter4\framework\system\CodeIgniter.php(306): CodeIgniter\CodeIgniter->handleRequest(NULL, Object(Config\Cache), false)
#4 C:\xampp\htdocs\cro4\index.php(46): CodeIgniter\CodeIgniter->run()
#5 {main}
CRITICAL - 2021-12-07 02:47:51 --> Class 'App\Models\Models' not found
#0 C:\xampp\htdocs\cro4\vendor\codeigniter4\framework\system\Autoloader\Autoloader.php(365): require_once()
#1 C:\xampp\htdocs\cro4\vendor\codeigniter4\framework\system\Autoloader\Autoloader.php(296): CodeIgniter\Autoloader\Autoloader->requireFile('C:\\xampp\\htdocs...')
#2 C:\xampp\htdocs\cro4\vendor\codeigniter4\framework\system\Autoloader\Autoloader.php(258): CodeIgniter\Autoloader\Autoloader->loadInNamespace('App\\Models\\M_lo...')
#3 [internal function]: CodeIgniter\Autoloader\Autoloader->loadClass('App\\Models\\M_lo...')
#4 C:\xampp\htdocs\cro4\app\Controllers\C_login.php(29): spl_autoload_call('App\\Models\\M_lo...')
#5 C:\xampp\htdocs\cro4\vendor\codeigniter4\framework\system\CodeIgniter.php(910): App\Controllers\C_login->aksilogin()
#6 C:\xampp\htdocs\cro4\vendor\codeigniter4\framework\system\CodeIgniter.php(398): CodeIgniter\CodeIgniter->runController(Object(App\Controllers\C_login))
#7 C:\xampp\htdocs\cro4\vendor\codeigniter4\framework\system\CodeIgniter.php(306): CodeIgniter\CodeIgniter->handleRequest(NULL, Object(Config\Cache), false)
#8 C:\xampp\htdocs\cro4\index.php(46): CodeIgniter\CodeIgniter->run()
#9 {main}
CRITICAL - 2021-12-07 02:49:55 --> You must set the database table to be used with your query.
#0 C:\xampp\htdocs\cro4\vendor\codeigniter4\framework\system\Model.php(1190): CodeIgniter\Database\BaseConnection->table(NULL)
#1 C:\xampp\htdocs\cro4\vendor\codeigniter4\framework\system\Model.php(1648): CodeIgniter\Model->builder()
#2 C:\xampp\htdocs\cro4\app\Models\M_login.php(30): CodeIgniter\Model->__get('load')
#3 C:\xampp\htdocs\cro4\app\Controllers\C_login.php(38): App\Models\M_login->cek_login_v2('aji', 'SSM1234')
#4 C:\xampp\htdocs\cro4\vendor\codeigniter4\framework\system\CodeIgniter.php(910): App\Controllers\C_login->aksilogin()
#5 C:\xampp\htdocs\cro4\vendor\codeigniter4\framework\system\CodeIgniter.php(398): CodeIgniter\CodeIgniter->runController(Object(App\Controllers\C_login))
#6 C:\xampp\htdocs\cro4\vendor\codeigniter4\framework\system\CodeIgniter.php(306): CodeIgniter\CodeIgniter->handleRequest(NULL, Object(Config\Cache), false)
#7 C:\xampp\htdocs\cro4\index.php(46): CodeIgniter\CodeIgniter->run()
#8 {main}
CRITICAL - 2021-12-07 02:57:31 --> Class '\CodeIgniter\Database\pdo\Connection' not found
#0 C:\xampp\htdocs\cro4\vendor\codeigniter4\framework\system\Database\Config.php(115): CodeIgniter\Database\Database->load(Array, 'db3')
#1 C:\xampp\htdocs\cro4\vendor\codeigniter4\framework\system\Common.php(234): CodeIgniter\Database\Config::connect('db3', true)
#2 C:\xampp\htdocs\cro4\app\Models\M_login.php(15): db_connect('db3')
#3 C:\xampp\htdocs\cro4\app\Controllers\C_login.php(29): App\Models\M_login->__construct()
#4 C:\xampp\htdocs\cro4\vendor\codeigniter4\framework\system\CodeIgniter.php(910): App\Controllers\C_login->aksilogin()
#5 C:\xampp\htdocs\cro4\vendor\codeigniter4\framework\system\CodeIgniter.php(398): CodeIgniter\CodeIgniter->runController(Object(App\Controllers\C_login))
#6 C:\xampp\htdocs\cro4\vendor\codeigniter4\framework\system\CodeIgniter.php(306): CodeIgniter\CodeIgniter->handleRequest(NULL, Object(Config\Cache), false)
#7 C:\xampp\htdocs\cro4\index.php(46): CodeIgniter\CodeIgniter->run()
#8 {main}
CRITICAL - 2021-12-07 02:58:25 --> Class '\CodeIgniter\Database\pdo\Connection' not found
#0 C:\xampp\htdocs\cro4\vendor\codeigniter4\framework\system\Database\Config.php(115): CodeIgniter\Database\Database->load(Array, 'db3')
#1 C:\xampp\htdocs\cro4\vendor\codeigniter4\framework\system\Common.php(234): CodeIgniter\Database\Config::connect('db3', true)
#2 C:\xampp\htdocs\cro4\app\Models\M_login.php(15): db_connect('db3')
#3 C:\xampp\htdocs\cro4\app\Controllers\C_login.php(29): App\Models\M_login->__construct()
#4 C:\xampp\htdocs\cro4\vendor\codeigniter4\framework\system\CodeIgniter.php(910): App\Controllers\C_login->aksilogin()
#5 C:\xampp\htdocs\cro4\vendor\codeigniter4\framework\system\CodeIgniter.php(398): CodeIgniter\CodeIgniter->runController(Object(App\Controllers\C_login))
#6 C:\xampp\htdocs\cro4\vendor\codeigniter4\framework\system\CodeIgniter.php(306): CodeIgniter\CodeIgniter->handleRequest(NULL, Object(Config\Cache), false)
#7 C:\xampp\htdocs\cro4\index.php(46): CodeIgniter\CodeIgniter->run()
#8 {main}
CRITICAL - 2021-12-07 02:58:59 --> Class '\CodeIgniter\Database\pdo\Connection' not found
#0 C:\xampp\htdocs\cro4\vendor\codeigniter4\framework\system\Database\Config.php(115): CodeIgniter\Database\Database->load(Array, 'db3')
#1 C:\xampp\htdocs\cro4\vendor\codeigniter4\framework\system\Common.php(234): CodeIgniter\Database\Config::connect('db3', true)
#2 C:\xampp\htdocs\cro4\app\Models\M_login.php(15): db_connect('db3')
#3 C:\xampp\htdocs\cro4\app\Controllers\C_login.php(29): App\Models\M_login->__construct()
#4 C:\xampp\htdocs\cro4\vendor\codeigniter4\framework\system\CodeIgniter.php(910): App\Controllers\C_login->aksilogin()
#5 C:\xampp\htdocs\cro4\vendor\codeigniter4\framework\system\CodeIgniter.php(398): CodeIgniter\CodeIgniter->runController(Object(App\Controllers\C_login))
#6 C:\xampp\htdocs\cro4\vendor\codeigniter4\framework\system\CodeIgniter.php(306): CodeIgniter\CodeIgniter->handleRequest(NULL, Object(Config\Cache), false)
#7 C:\xampp\htdocs\cro4\index.php(46): CodeIgniter\CodeIgniter->run()
#8 {main}
CRITICAL - 2021-12-07 03:00:07 --> Class '\CodeIgniter\Database\pdo\Connection' not found
#0 C:\xampp\htdocs\cro4\vendor\codeigniter4\framework\system\Database\Config.php(115): CodeIgniter\Database\Database->load(Array, 'db3')
#1 C:\xampp\htdocs\cro4\vendor\codeigniter4\framework\system\Common.php(234): CodeIgniter\Database\Config::connect('db3', true)
#2 C:\xampp\htdocs\cro4\app\Models\M_login.php(15): db_connect('db3')
#3 C:\xampp\htdocs\cro4\app\Controllers\C_login.php(29): App\Models\M_login->__construct()
#4 C:\xampp\htdocs\cro4\vendor\codeigniter4\framework\system\CodeIgniter.php(910): App\Controllers\C_login->aksilogin()
#5 C:\xampp\htdocs\cro4\vendor\codeigniter4\framework\system\CodeIgniter.php(398): CodeIgniter\CodeIgniter->runController(Object(App\Controllers\C_login))
#6 C:\xampp\htdocs\cro4\vendor\codeigniter4\framework\system\CodeIgniter.php(306): CodeIgniter\CodeIgniter->handleRequest(NULL, Object(Config\Cache), false)
#7 C:\xampp\htdocs\cro4\index.php(46): CodeIgniter\CodeIgniter->run()
#8 {main}
