CRITICAL - 2021-12-16 00:42:28 --> Class 'App\Controllers\Controller' not found
#0 C:\xampp\htdocs\cro4\vendor\codeigniter4\framework\system\Autoloader\Autoloader.php(365): require_once()
#1 C:\xampp\htdocs\cro4\vendor\codeigniter4\framework\system\Autoloader\Autoloader.php(296): CodeIgniter\Autoloader\Autoloader->requireFile('C:\\xampp\\htdocs...')
#2 C:\xampp\htdocs\cro4\vendor\codeigniter4\framework\system\Autoloader\Autoloader.php(258): CodeIgniter\Autoloader\Autoloader->loadInNamespace('App\\Controllers...')
#3 [internal function]: CodeIgniter\Autoloader\Autoloader->loadClass('App\\Controllers...')
#4 [internal function]: spl_autoload_call('App\\Controllers...')
#5 C:\xampp\htdocs\cro4\vendor\codeigniter4\framework\system\CodeIgniter.php(861): class_exists('\\App\\Controller...', true)
#6 C:\xampp\htdocs\cro4\vendor\codeigniter4\framework\system\CodeIgniter.php(388): CodeIgniter\CodeIgniter->startController()
#7 C:\xampp\htdocs\cro4\vendor\codeigniter4\framework\system\CodeIgniter.php(306): CodeIgniter\CodeIgniter->handleRequest(NULL, Object(Config\Cache), false)
#8 C:\xampp\htdocs\cro4\index.php(46): CodeIgniter\CodeIgniter->run()
#9 {main}
CRITICAL - 2021-12-16 00:42:35 --> Class 'App\Controllers\Controller' not found
#0 C:\xampp\htdocs\cro4\vendor\codeigniter4\framework\system\Autoloader\Autoloader.php(365): require_once()
#1 C:\xampp\htdocs\cro4\vendor\codeigniter4\framework\system\Autoloader\Autoloader.php(296): CodeIgniter\Autoloader\Autoloader->requireFile('C:\\xampp\\htdocs...')
#2 C:\xampp\htdocs\cro4\vendor\codeigniter4\framework\system\Autoloader\Autoloader.php(258): CodeIgniter\Autoloader\Autoloader->loadInNamespace('App\\Controllers...')
#3 [internal function]: CodeIgniter\Autoloader\Autoloader->loadClass('App\\Controllers...')
#4 [internal function]: spl_autoload_call('App\\Controllers...')
#5 C:\xampp\htdocs\cro4\vendor\codeigniter4\framework\system\CodeIgniter.php(861): class_exists('\\App\\Controller...', true)
#6 C:\xampp\htdocs\cro4\vendor\codeigniter4\framework\system\CodeIgniter.php(388): CodeIgniter\CodeIgniter->startController()
#7 C:\xampp\htdocs\cro4\vendor\codeigniter4\framework\system\CodeIgniter.php(306): CodeIgniter\CodeIgniter->handleRequest(NULL, Object(Config\Cache), false)
#8 C:\xampp\htdocs\cro4\index.php(46): CodeIgniter\CodeIgniter->run()
#9 {main}
CRITICAL - 2021-12-16 00:45:34 --> Class 'App\Controllers\Controller' not found
#0 C:\xampp\htdocs\cro4\vendor\codeigniter4\framework\system\Autoloader\Autoloader.php(365): require_once()
#1 C:\xampp\htdocs\cro4\vendor\codeigniter4\framework\system\Autoloader\Autoloader.php(296): CodeIgniter\Autoloader\Autoloader->requireFile('C:\\xampp\\htdocs...')
#2 C:\xampp\htdocs\cro4\vendor\codeigniter4\framework\system\Autoloader\Autoloader.php(258): CodeIgniter\Autoloader\Autoloader->loadInNamespace('App\\Controllers...')
#3 [internal function]: CodeIgniter\Autoloader\Autoloader->loadClass('App\\Controllers...')
#4 [internal function]: spl_autoload_call('App\\Controllers...')
#5 C:\xampp\htdocs\cro4\vendor\codeigniter4\framework\system\CodeIgniter.php(861): class_exists('\\App\\Controller...', true)
#6 C:\xampp\htdocs\cro4\vendor\codeigniter4\framework\system\CodeIgniter.php(388): CodeIgniter\CodeIgniter->startController()
#7 C:\xampp\htdocs\cro4\vendor\codeigniter4\framework\system\CodeIgniter.php(306): CodeIgniter\CodeIgniter->handleRequest(NULL, Object(Config\Cache), false)
#8 C:\xampp\htdocs\cro4\index.php(46): CodeIgniter\CodeIgniter->run()
#9 {main}
CRITICAL - 2021-12-16 00:57:32 --> Class 'App\Controllers\Controller' not found
#0 C:\xampp\htdocs\cro4\vendor\codeigniter4\framework\system\Autoloader\Autoloader.php(365): require_once()
#1 C:\xampp\htdocs\cro4\vendor\codeigniter4\framework\system\Autoloader\Autoloader.php(296): CodeIgniter\Autoloader\Autoloader->requireFile('C:\\xampp\\htdocs...')
#2 C:\xampp\htdocs\cro4\vendor\codeigniter4\framework\system\Autoloader\Autoloader.php(258): CodeIgniter\Autoloader\Autoloader->loadInNamespace('App\\Controllers...')
#3 [internal function]: CodeIgniter\Autoloader\Autoloader->loadClass('App\\Controllers...')
#4 [internal function]: spl_autoload_call('App\\Controllers...')
#5 C:\xampp\htdocs\cro4\vendor\codeigniter4\framework\system\CodeIgniter.php(861): class_exists('\\App\\Controller...', true)
#6 C:\xampp\htdocs\cro4\vendor\codeigniter4\framework\system\CodeIgniter.php(388): CodeIgniter\CodeIgniter->startController()
#7 C:\xampp\htdocs\cro4\vendor\codeigniter4\framework\system\CodeIgniter.php(306): CodeIgniter\CodeIgniter->handleRequest(NULL, Object(Config\Cache), false)
#8 C:\xampp\htdocs\cro4\index.php(46): CodeIgniter\CodeIgniter->run()
#9 {main}
CRITICAL - 2021-12-16 01:03:23 --> Class 'App\Controllers\Controller' not found
#0 C:\xampp\htdocs\cro4\vendor\codeigniter4\framework\system\Autoloader\Autoloader.php(365): require_once()
#1 C:\xampp\htdocs\cro4\vendor\codeigniter4\framework\system\Autoloader\Autoloader.php(296): CodeIgniter\Autoloader\Autoloader->requireFile('C:\\xampp\\htdocs...')
#2 C:\xampp\htdocs\cro4\vendor\codeigniter4\framework\system\Autoloader\Autoloader.php(258): CodeIgniter\Autoloader\Autoloader->loadInNamespace('App\\Controllers...')
#3 [internal function]: CodeIgniter\Autoloader\Autoloader->loadClass('App\\Controllers...')
#4 [internal function]: spl_autoload_call('App\\Controllers...')
#5 C:\xampp\htdocs\cro4\vendor\codeigniter4\framework\system\CodeIgniter.php(861): class_exists('\\App\\Controller...', true)
#6 C:\xampp\htdocs\cro4\vendor\codeigniter4\framework\system\CodeIgniter.php(388): CodeIgniter\CodeIgniter->startController()
#7 C:\xampp\htdocs\cro4\vendor\codeigniter4\framework\system\CodeIgniter.php(306): CodeIgniter\CodeIgniter->handleRequest(NULL, Object(Config\Cache), false)
#8 C:\xampp\htdocs\cro4\index.php(46): CodeIgniter\CodeIgniter->run()
#9 {main}
CRITICAL - 2021-12-16 01:08:06 --> Class 'App\Controllers\Controller' not found
#0 C:\xampp\htdocs\cro4\vendor\codeigniter4\framework\system\Autoloader\Autoloader.php(365): require_once()
#1 C:\xampp\htdocs\cro4\vendor\codeigniter4\framework\system\Autoloader\Autoloader.php(296): CodeIgniter\Autoloader\Autoloader->requireFile('C:\\xampp\\htdocs...')
#2 C:\xampp\htdocs\cro4\vendor\codeigniter4\framework\system\Autoloader\Autoloader.php(258): CodeIgniter\Autoloader\Autoloader->loadInNamespace('App\\Controllers...')
#3 [internal function]: CodeIgniter\Autoloader\Autoloader->loadClass('App\\Controllers...')
#4 [internal function]: spl_autoload_call('App\\Controllers...')
#5 C:\xampp\htdocs\cro4\vendor\codeigniter4\framework\system\CodeIgniter.php(861): class_exists('\\App\\Controller...', true)
#6 C:\xampp\htdocs\cro4\vendor\codeigniter4\framework\system\CodeIgniter.php(388): CodeIgniter\CodeIgniter->startController()
#7 C:\xampp\htdocs\cro4\vendor\codeigniter4\framework\system\CodeIgniter.php(306): CodeIgniter\CodeIgniter->handleRequest(NULL, Object(Config\Cache), false)
#8 C:\xampp\htdocs\cro4\index.php(46): CodeIgniter\CodeIgniter->run()
#9 {main}
CRITICAL - 2021-12-16 01:08:44 --> Class '\CodeIgniter\Database\PDO\Connection' not found
#0 C:\xampp\htdocs\cro4\vendor\codeigniter4\framework\system\Database\Config.php(115): CodeIgniter\Database\Database->load(Array, 'db3')
#1 C:\xampp\htdocs\cro4\vendor\codeigniter4\framework\system\Model.php(336): CodeIgniter\Database\Config::connect('db3')
#2 C:\xampp\htdocs\cro4\app\Controllers\C_login.php(31): CodeIgniter\Model->__construct()
#3 C:\xampp\htdocs\cro4\vendor\codeigniter4\framework\system\CodeIgniter.php(910): App\Controllers\C_login->aksilogin()
#4 C:\xampp\htdocs\cro4\vendor\codeigniter4\framework\system\CodeIgniter.php(398): CodeIgniter\CodeIgniter->runController(Object(App\Controllers\C_login))
#5 C:\xampp\htdocs\cro4\vendor\codeigniter4\framework\system\CodeIgniter.php(306): CodeIgniter\CodeIgniter->handleRequest(NULL, Object(Config\Cache), false)
#6 C:\xampp\htdocs\cro4\index.php(46): CodeIgniter\CodeIgniter->run()
#7 {main}
CRITICAL - 2021-12-16 01:12:11 --> Class '\CodeIgniter\Database\PDO\Connection' not found
#0 C:\xampp\htdocs\cro4\vendor\codeigniter4\framework\system\Database\Config.php(115): CodeIgniter\Database\Database->load(Array, 'db3')
#1 C:\xampp\htdocs\cro4\vendor\codeigniter4\framework\system\Model.php(336): CodeIgniter\Database\Config::connect('db3')
#2 C:\xampp\htdocs\cro4\app\Controllers\C_login.php(31): CodeIgniter\Model->__construct()
#3 C:\xampp\htdocs\cro4\vendor\codeigniter4\framework\system\CodeIgniter.php(910): App\Controllers\C_login->aksilogin()
#4 C:\xampp\htdocs\cro4\vendor\codeigniter4\framework\system\CodeIgniter.php(398): CodeIgniter\CodeIgniter->runController(Object(App\Controllers\C_login))
#5 C:\xampp\htdocs\cro4\vendor\codeigniter4\framework\system\CodeIgniter.php(306): CodeIgniter\CodeIgniter->handleRequest(NULL, Object(Config\Cache), false)
#6 C:\xampp\htdocs\cro4\index.php(46): CodeIgniter\CodeIgniter->run()
#7 {main}
CRITICAL - 2021-12-16 01:13:51 --> Class '\CodeIgniter\Database\PDO\Connection' not found
#0 C:\xampp\htdocs\cro4\vendor\codeigniter4\framework\system\Database\Config.php(115): CodeIgniter\Database\Database->load(Array, 'db3')
#1 C:\xampp\htdocs\cro4\vendor\codeigniter4\framework\system\Model.php(336): CodeIgniter\Database\Config::connect('db3')
#2 C:\xampp\htdocs\cro4\app\Controllers\C_login.php(32): CodeIgniter\Model->__construct()
#3 C:\xampp\htdocs\cro4\vendor\codeigniter4\framework\system\CodeIgniter.php(910): App\Controllers\C_login->aksilogin()
#4 C:\xampp\htdocs\cro4\vendor\codeigniter4\framework\system\CodeIgniter.php(398): CodeIgniter\CodeIgniter->runController(Object(App\Controllers\C_login))
#5 C:\xampp\htdocs\cro4\vendor\codeigniter4\framework\system\CodeIgniter.php(306): CodeIgniter\CodeIgniter->handleRequest(NULL, Object(Config\Cache), false)
#6 C:\xampp\htdocs\cro4\index.php(46): CodeIgniter\CodeIgniter->run()
#7 {main}
CRITICAL - 2021-12-16 01:14:33 --> Class '\CodeIgniter\Database\PDO\Connection' not found
#0 C:\xampp\htdocs\cro4\vendor\codeigniter4\framework\system\Database\Config.php(115): CodeIgniter\Database\Database->load(Array, 'db3')
#1 C:\xampp\htdocs\cro4\vendor\codeigniter4\framework\system\Model.php(336): CodeIgniter\Database\Config::connect('db3')
#2 C:\xampp\htdocs\cro4\app\Controllers\C_login.php(11): CodeIgniter\Model->__construct()
#3 C:\xampp\htdocs\cro4\vendor\codeigniter4\framework\system\CodeIgniter.php(882): App\Controllers\C_login->__construct()
#4 C:\xampp\htdocs\cro4\vendor\codeigniter4\framework\system\CodeIgniter.php(393): CodeIgniter\CodeIgniter->createController()
#5 C:\xampp\htdocs\cro4\vendor\codeigniter4\framework\system\CodeIgniter.php(306): CodeIgniter\CodeIgniter->handleRequest(NULL, Object(Config\Cache), false)
#6 C:\xampp\htdocs\cro4\index.php(46): CodeIgniter\CodeIgniter->run()
#7 {main}
CRITICAL - 2021-12-16 01:14:36 --> Class '\CodeIgniter\Database\PDO\Connection' not found
#0 C:\xampp\htdocs\cro4\vendor\codeigniter4\framework\system\Database\Config.php(115): CodeIgniter\Database\Database->load(Array, 'db3')
#1 C:\xampp\htdocs\cro4\vendor\codeigniter4\framework\system\Model.php(336): CodeIgniter\Database\Config::connect('db3')
#2 C:\xampp\htdocs\cro4\app\Controllers\C_login.php(11): CodeIgniter\Model->__construct()
#3 C:\xampp\htdocs\cro4\vendor\codeigniter4\framework\system\CodeIgniter.php(882): App\Controllers\C_login->__construct()
#4 C:\xampp\htdocs\cro4\vendor\codeigniter4\framework\system\CodeIgniter.php(393): CodeIgniter\CodeIgniter->createController()
#5 C:\xampp\htdocs\cro4\vendor\codeigniter4\framework\system\CodeIgniter.php(306): CodeIgniter\CodeIgniter->handleRequest(NULL, Object(Config\Cache), false)
#6 C:\xampp\htdocs\cro4\index.php(46): CodeIgniter\CodeIgniter->run()
#7 {main}
CRITICAL - 2021-12-16 01:14:38 --> Class '\CodeIgniter\Database\PDO\Connection' not found
#0 C:\xampp\htdocs\cro4\vendor\codeigniter4\framework\system\Database\Config.php(115): CodeIgniter\Database\Database->load(Array, 'db3')
#1 C:\xampp\htdocs\cro4\vendor\codeigniter4\framework\system\Model.php(336): CodeIgniter\Database\Config::connect('db3')
#2 C:\xampp\htdocs\cro4\app\Controllers\C_login.php(11): CodeIgniter\Model->__construct()
#3 C:\xampp\htdocs\cro4\vendor\codeigniter4\framework\system\CodeIgniter.php(882): App\Controllers\C_login->__construct()
#4 C:\xampp\htdocs\cro4\vendor\codeigniter4\framework\system\CodeIgniter.php(393): CodeIgniter\CodeIgniter->createController()
#5 C:\xampp\htdocs\cro4\vendor\codeigniter4\framework\system\CodeIgniter.php(306): CodeIgniter\CodeIgniter->handleRequest(NULL, Object(Config\Cache), false)
#6 C:\xampp\htdocs\cro4\index.php(46): CodeIgniter\CodeIgniter->run()
#7 {main}
CRITICAL - 2021-12-16 01:14:52 --> Class '\CodeIgniter\Database\PDO\Connection' not found
#0 C:\xampp\htdocs\cro4\vendor\codeigniter4\framework\system\Database\Config.php(115): CodeIgniter\Database\Database->load(Array, 'db3')
#1 C:\xampp\htdocs\cro4\vendor\codeigniter4\framework\system\Model.php(336): CodeIgniter\Database\Config::connect('db3')
#2 C:\xampp\htdocs\cro4\app\Controllers\C_login.php(11): CodeIgniter\Model->__construct()
#3 C:\xampp\htdocs\cro4\vendor\codeigniter4\framework\system\CodeIgniter.php(882): App\Controllers\C_login->__construct()
#4 C:\xampp\htdocs\cro4\vendor\codeigniter4\framework\system\CodeIgniter.php(393): CodeIgniter\CodeIgniter->createController()
#5 C:\xampp\htdocs\cro4\vendor\codeigniter4\framework\system\CodeIgniter.php(306): CodeIgniter\CodeIgniter->handleRequest(NULL, Object(Config\Cache), false)
#6 C:\xampp\htdocs\cro4\index.php(46): CodeIgniter\CodeIgniter->run()
#7 {main}
CRITICAL - 2021-12-16 01:16:31 --> Class '\CodeIgniter\Database\PDO\Connection' not found
#0 C:\xampp\htdocs\cro4\vendor\codeigniter4\framework\system\Database\Config.php(115): CodeIgniter\Database\Database->load(Array, 'db3')
#1 C:\xampp\htdocs\cro4\vendor\codeigniter4\framework\system\Model.php(336): CodeIgniter\Database\Config::connect('db3')
#2 C:\xampp\htdocs\cro4\app\Controllers\C_login.php(40): CodeIgniter\Model->__construct()
#3 C:\xampp\htdocs\cro4\vendor\codeigniter4\framework\system\CodeIgniter.php(910): App\Controllers\C_login->aksilogin()
#4 C:\xampp\htdocs\cro4\vendor\codeigniter4\framework\system\CodeIgniter.php(398): CodeIgniter\CodeIgniter->runController(Object(App\Controllers\C_login))
#5 C:\xampp\htdocs\cro4\vendor\codeigniter4\framework\system\CodeIgniter.php(306): CodeIgniter\CodeIgniter->handleRequest(NULL, Object(Config\Cache), false)
#6 C:\xampp\htdocs\cro4\index.php(46): CodeIgniter\CodeIgniter->run()
#7 {main}
CRITICAL - 2021-12-16 01:17:37 --> Class '\CodeIgniter\Database\PDO\Connection' not found
#0 C:\xampp\htdocs\cro4\vendor\codeigniter4\framework\system\Database\Config.php(115): CodeIgniter\Database\Database->load(Array, 'db3')
#1 C:\xampp\htdocs\cro4\vendor\codeigniter4\framework\system\Model.php(336): CodeIgniter\Database\Config::connect('db3')
#2 C:\xampp\htdocs\cro4\app\Controllers\C_login.php(40): CodeIgniter\Model->__construct()
#3 C:\xampp\htdocs\cro4\vendor\codeigniter4\framework\system\CodeIgniter.php(910): App\Controllers\C_login->aksilogin()
#4 C:\xampp\htdocs\cro4\vendor\codeigniter4\framework\system\CodeIgniter.php(398): CodeIgniter\CodeIgniter->runController(Object(App\Controllers\C_login))
#5 C:\xampp\htdocs\cro4\vendor\codeigniter4\framework\system\CodeIgniter.php(306): CodeIgniter\CodeIgniter->handleRequest(NULL, Object(Config\Cache), false)
#6 C:\xampp\htdocs\cro4\index.php(46): CodeIgniter\CodeIgniter->run()
#7 {main}
CRITICAL - 2021-12-16 01:28:41 --> Call to a member function cek_login_v2() on null
#0 C:\xampp\htdocs\cro4\vendor\codeigniter4\framework\system\CodeIgniter.php(910): App\Controllers\C_login->aksilogin()
#1 C:\xampp\htdocs\cro4\vendor\codeigniter4\framework\system\CodeIgniter.php(398): CodeIgniter\CodeIgniter->runController(Object(App\Controllers\C_login))
#2 C:\xampp\htdocs\cro4\vendor\codeigniter4\framework\system\CodeIgniter.php(306): CodeIgniter\CodeIgniter->handleRequest(NULL, Object(Config\Cache), false)
#3 C:\xampp\htdocs\cro4\index.php(46): CodeIgniter\CodeIgniter->run()
#4 {main}
CRITICAL - 2021-12-16 01:29:06 --> Class '\CodeIgniter\Database\PDO\Connection' not found
#0 C:\xampp\htdocs\cro4\vendor\codeigniter4\framework\system\Database\Config.php(115): CodeIgniter\Database\Database->load(Array, 'db3')
#1 C:\xampp\htdocs\cro4\vendor\codeigniter4\framework\system\Model.php(336): CodeIgniter\Database\Config::connect('db3')
#2 C:\xampp\htdocs\cro4\app\Controllers\C_login.php(40): CodeIgniter\Model->__construct()
#3 C:\xampp\htdocs\cro4\vendor\codeigniter4\framework\system\CodeIgniter.php(910): App\Controllers\C_login->aksilogin()
#4 C:\xampp\htdocs\cro4\vendor\codeigniter4\framework\system\CodeIgniter.php(398): CodeIgniter\CodeIgniter->runController(Object(App\Controllers\C_login))
#5 C:\xampp\htdocs\cro4\vendor\codeigniter4\framework\system\CodeIgniter.php(306): CodeIgniter\CodeIgniter->handleRequest(NULL, Object(Config\Cache), false)
#6 C:\xampp\htdocs\cro4\index.php(46): CodeIgniter\CodeIgniter->run()
#7 {main}
CRITICAL - 2021-12-16 01:31:02 --> syntax error, unexpected '$ModelLogin' (T_VARIABLE), expecting function (T_FUNCTION) or const (T_CONST)
#0 C:\xampp\htdocs\cro4\vendor\codeigniter4\framework\system\Autoloader\Autoloader.php(296): CodeIgniter\Autoloader\Autoloader->requireFile('C:\\xampp\\htdocs...')
#1 C:\xampp\htdocs\cro4\vendor\codeigniter4\framework\system\Autoloader\Autoloader.php(258): CodeIgniter\Autoloader\Autoloader->loadInNamespace('App\\Controllers...')
#2 [internal function]: CodeIgniter\Autoloader\Autoloader->loadClass('App\\Controllers...')
#3 [internal function]: spl_autoload_call('App\\Controllers...')
#4 C:\xampp\htdocs\cro4\vendor\codeigniter4\framework\system\CodeIgniter.php(861): class_exists('\\App\\Controller...', true)
#5 C:\xampp\htdocs\cro4\vendor\codeigniter4\framework\system\CodeIgniter.php(388): CodeIgniter\CodeIgniter->startController()
#6 C:\xampp\htdocs\cro4\vendor\codeigniter4\framework\system\CodeIgniter.php(306): CodeIgniter\CodeIgniter->handleRequest(NULL, Object(Config\Cache), false)
#7 C:\xampp\htdocs\cro4\index.php(46): CodeIgniter\CodeIgniter->run()
#8 {main}
CRITICAL - 2021-12-16 01:31:04 --> syntax error, unexpected '$ModelLogin' (T_VARIABLE), expecting function (T_FUNCTION) or const (T_CONST)
#0 C:\xampp\htdocs\cro4\vendor\codeigniter4\framework\system\Autoloader\Autoloader.php(296): CodeIgniter\Autoloader\Autoloader->requireFile('C:\\xampp\\htdocs...')
#1 C:\xampp\htdocs\cro4\vendor\codeigniter4\framework\system\Autoloader\Autoloader.php(258): CodeIgniter\Autoloader\Autoloader->loadInNamespace('App\\Controllers...')
#2 [internal function]: CodeIgniter\Autoloader\Autoloader->loadClass('App\\Controllers...')
#3 [internal function]: spl_autoload_call('App\\Controllers...')
#4 C:\xampp\htdocs\cro4\vendor\codeigniter4\framework\system\CodeIgniter.php(861): class_exists('\\App\\Controller...', true)
#5 C:\xampp\htdocs\cro4\vendor\codeigniter4\framework\system\CodeIgniter.php(388): CodeIgniter\CodeIgniter->startController()
#6 C:\xampp\htdocs\cro4\vendor\codeigniter4\framework\system\CodeIgniter.php(306): CodeIgniter\CodeIgniter->handleRequest(NULL, Object(Config\Cache), false)
#7 C:\xampp\htdocs\cro4\index.php(46): CodeIgniter\CodeIgniter->run()
#8 {main}
CRITICAL - 2021-12-16 01:31:41 --> Class '\CodeIgniter\Database\PDO\Connection' not found
#0 C:\xampp\htdocs\cro4\vendor\codeigniter4\framework\system\Database\Config.php(115): CodeIgniter\Database\Database->load(Array, 'db3')
#1 C:\xampp\htdocs\cro4\vendor\codeigniter4\framework\system\Model.php(336): CodeIgniter\Database\Config::connect('db3')
#2 C:\xampp\htdocs\cro4\app\Controllers\C_login.php(41): CodeIgniter\Model->__construct()
#3 C:\xampp\htdocs\cro4\vendor\codeigniter4\framework\system\CodeIgniter.php(910): App\Controllers\C_login->aksilogin()
#4 C:\xampp\htdocs\cro4\vendor\codeigniter4\framework\system\CodeIgniter.php(398): CodeIgniter\CodeIgniter->runController(Object(App\Controllers\C_login))
#5 C:\xampp\htdocs\cro4\vendor\codeigniter4\framework\system\CodeIgniter.php(306): CodeIgniter\CodeIgniter->handleRequest(NULL, Object(Config\Cache), false)
#6 C:\xampp\htdocs\cro4\index.php(46): CodeIgniter\CodeIgniter->run()
#7 {main}
CRITICAL - 2021-12-16 01:34:24 --> Class '\CodeIgniter\Database\PDO\Connection' not found
#0 C:\xampp\htdocs\cro4\vendor\codeigniter4\framework\system\Database\Config.php(115): CodeIgniter\Database\Database->load(Array, 'db3')
#1 C:\xampp\htdocs\cro4\vendor\codeigniter4\framework\system\Model.php(336): CodeIgniter\Database\Config::connect('db3')
#2 C:\xampp\htdocs\cro4\app\Controllers\C_login.php(41): CodeIgniter\Model->__construct()
#3 C:\xampp\htdocs\cro4\vendor\codeigniter4\framework\system\CodeIgniter.php(910): App\Controllers\C_login->aksilogin()
#4 C:\xampp\htdocs\cro4\vendor\codeigniter4\framework\system\CodeIgniter.php(398): CodeIgniter\CodeIgniter->runController(Object(App\Controllers\C_login))
#5 C:\xampp\htdocs\cro4\vendor\codeigniter4\framework\system\CodeIgniter.php(306): CodeIgniter\CodeIgniter->handleRequest(NULL, Object(Config\Cache), false)
#6 C:\xampp\htdocs\cro4\index.php(46): CodeIgniter\CodeIgniter->run()
#7 {main}
CRITICAL - 2021-12-16 01:35:04 --> Class '\CodeIgniter\Database\PDO\Connection' not found
#0 C:\xampp\htdocs\cro4\vendor\codeigniter4\framework\system\Database\Config.php(115): CodeIgniter\Database\Database->load(Array, 'db3')
#1 C:\xampp\htdocs\cro4\vendor\codeigniter4\framework\system\Model.php(336): CodeIgniter\Database\Config::connect('db3')
#2 C:\xampp\htdocs\cro4\app\Controllers\C_login.php(6): CodeIgniter\Model->__construct()
#3 C:\xampp\htdocs\cro4\vendor\codeigniter4\framework\system\Autoloader\Autoloader.php(365): require_once('C:\\xampp\\htdocs...')
#4 C:\xampp\htdocs\cro4\vendor\codeigniter4\framework\system\Autoloader\Autoloader.php(296): CodeIgniter\Autoloader\Autoloader->requireFile('C:\\xampp\\htdocs...')
#5 C:\xampp\htdocs\cro4\vendor\codeigniter4\framework\system\Autoloader\Autoloader.php(258): CodeIgniter\Autoloader\Autoloader->loadInNamespace('App\\Controllers...')
#6 [internal function]: CodeIgniter\Autoloader\Autoloader->loadClass('App\\Controllers...')
#7 [internal function]: spl_autoload_call('App\\Controllers...')
#8 C:\xampp\htdocs\cro4\vendor\codeigniter4\framework\system\CodeIgniter.php(861): class_exists('\\App\\Controller...', true)
#9 C:\xampp\htdocs\cro4\vendor\codeigniter4\framework\system\CodeIgniter.php(388): CodeIgniter\CodeIgniter->startController()
#10 C:\xampp\htdocs\cro4\vendor\codeigniter4\framework\system\CodeIgniter.php(306): CodeIgniter\CodeIgniter->handleRequest(NULL, Object(Config\Cache), false)
#11 C:\xampp\htdocs\cro4\index.php(46): CodeIgniter\CodeIgniter->run()
#12 {main}
CRITICAL - 2021-12-16 01:45:28 --> Class '\CodeIgniter\Database\PDO\Connection' not found
#0 C:\xampp\htdocs\cro4\vendor\codeigniter4\framework\system\Database\Config.php(115): CodeIgniter\Database\Database->load(Array, 'db3')
#1 C:\xampp\htdocs\cro4\vendor\codeigniter4\framework\system\Model.php(336): CodeIgniter\Database\Config::connect('db3')
#2 C:\xampp\htdocs\cro4\app\Controllers\C_login.php(41): CodeIgniter\Model->__construct()
#3 C:\xampp\htdocs\cro4\vendor\codeigniter4\framework\system\CodeIgniter.php(910): App\Controllers\C_login->aksilogin()
#4 C:\xampp\htdocs\cro4\vendor\codeigniter4\framework\system\CodeIgniter.php(398): CodeIgniter\CodeIgniter->runController(Object(App\Controllers\C_login))
#5 C:\xampp\htdocs\cro4\vendor\codeigniter4\framework\system\CodeIgniter.php(306): CodeIgniter\CodeIgniter->handleRequest(NULL, Object(Config\Cache), false)
#6 C:\xampp\htdocs\cro4\index.php(46): CodeIgniter\CodeIgniter->run()
#7 {main}
CRITICAL - 2021-12-16 01:46:02 --> Class '\CodeIgniter\Database\PDO\Connection' not found
#0 C:\xampp\htdocs\cro4\vendor\codeigniter4\framework\system\Database\Config.php(115): CodeIgniter\Database\Database->load(Array, 'db3')
#1 C:\xampp\htdocs\cro4\vendor\codeigniter4\framework\system\Model.php(336): CodeIgniter\Database\Config::connect('db3')
#2 C:\xampp\htdocs\cro4\app\Controllers\C_login.php(40): CodeIgniter\Model->__construct()
#3 C:\xampp\htdocs\cro4\vendor\codeigniter4\framework\system\CodeIgniter.php(910): App\Controllers\C_login->aksilogin()
#4 C:\xampp\htdocs\cro4\vendor\codeigniter4\framework\system\CodeIgniter.php(398): CodeIgniter\CodeIgniter->runController(Object(App\Controllers\C_login))
#5 C:\xampp\htdocs\cro4\vendor\codeigniter4\framework\system\CodeIgniter.php(306): CodeIgniter\CodeIgniter->handleRequest(NULL, Object(Config\Cache), false)
#6 C:\xampp\htdocs\cro4\index.php(46): CodeIgniter\CodeIgniter->run()
#7 {main}
CRITICAL - 2021-12-16 01:48:00 --> Class '\CodeIgniter\Database\PDO\Connection' not found
#0 C:\xampp\htdocs\cro4\vendor\codeigniter4\framework\system\Database\Config.php(115): CodeIgniter\Database\Database->load(Array, 'db3')
#1 C:\xampp\htdocs\cro4\vendor\codeigniter4\framework\system\Model.php(336): CodeIgniter\Database\Config::connect('db3')
#2 C:\xampp\htdocs\cro4\app\Controllers\C_login.php(40): CodeIgniter\Model->__construct()
#3 C:\xampp\htdocs\cro4\vendor\codeigniter4\framework\system\CodeIgniter.php(910): App\Controllers\C_login->aksilogin()
#4 C:\xampp\htdocs\cro4\vendor\codeigniter4\framework\system\CodeIgniter.php(398): CodeIgniter\CodeIgniter->runController(Object(App\Controllers\C_login))
#5 C:\xampp\htdocs\cro4\vendor\codeigniter4\framework\system\CodeIgniter.php(306): CodeIgniter\CodeIgniter->handleRequest(NULL, Object(Config\Cache), false)
#6 C:\xampp\htdocs\cro4\index.php(46): CodeIgniter\CodeIgniter->run()
#7 {main}
CRITICAL - 2021-12-16 01:51:45 --> Class '\CodeIgniter\Database\PDO\Connection' not found
#0 C:\xampp\htdocs\cro4\vendor\codeigniter4\framework\system\Database\Config.php(115): CodeIgniter\Database\Database->load(Array, 'db3')
#1 C:\xampp\htdocs\cro4\vendor\codeigniter4\framework\system\Model.php(336): CodeIgniter\Database\Config::connect('db3')
#2 C:\xampp\htdocs\cro4\app\Controllers\C_login.php(40): CodeIgniter\Model->__construct()
#3 C:\xampp\htdocs\cro4\vendor\codeigniter4\framework\system\CodeIgniter.php(910): App\Controllers\C_login->aksilogin()
#4 C:\xampp\htdocs\cro4\vendor\codeigniter4\framework\system\CodeIgniter.php(398): CodeIgniter\CodeIgniter->runController(Object(App\Controllers\C_login))
#5 C:\xampp\htdocs\cro4\vendor\codeigniter4\framework\system\CodeIgniter.php(306): CodeIgniter\CodeIgniter->handleRequest(NULL, Object(Config\Cache), false)
#6 C:\xampp\htdocs\cro4\index.php(46): CodeIgniter\CodeIgniter->run()
#7 {main}
CRITICAL - 2021-12-16 01:57:40 --> Class '\CodeIgniter\Database\PDO\Connection' not found
#0 C:\xampp\htdocs\cro4\vendor\codeigniter4\framework\system\Database\Config.php(115): CodeIgniter\Database\Database->load(Array, 'db3')
#1 C:\xampp\htdocs\cro4\vendor\codeigniter4\framework\system\Model.php(336): CodeIgniter\Database\Config::connect('db3')
#2 C:\xampp\htdocs\cro4\app\Controllers\C_login.php(40): CodeIgniter\Model->__construct()
#3 C:\xampp\htdocs\cro4\vendor\codeigniter4\framework\system\CodeIgniter.php(910): App\Controllers\C_login->aksilogin()
#4 C:\xampp\htdocs\cro4\vendor\codeigniter4\framework\system\CodeIgniter.php(398): CodeIgniter\CodeIgniter->runController(Object(App\Controllers\C_login))
#5 C:\xampp\htdocs\cro4\vendor\codeigniter4\framework\system\CodeIgniter.php(306): CodeIgniter\CodeIgniter->handleRequest(NULL, Object(Config\Cache), false)
#6 C:\xampp\htdocs\cro4\index.php(46): CodeIgniter\CodeIgniter->run()
#7 {main}
CRITICAL - 2021-12-16 01:59:53 --> Class '\CodeIgniter\Database\pdo\Connection' not found
#0 C:\xampp\htdocs\cro4\vendor\codeigniter4\framework\system\Database\Config.php(115): CodeIgniter\Database\Database->load(Array, 'db3')
#1 C:\xampp\htdocs\cro4\vendor\codeigniter4\framework\system\Model.php(336): CodeIgniter\Database\Config::connect('db3')
#2 C:\xampp\htdocs\cro4\app\Controllers\C_login.php(40): CodeIgniter\Model->__construct()
#3 C:\xampp\htdocs\cro4\vendor\codeigniter4\framework\system\CodeIgniter.php(910): App\Controllers\C_login->aksilogin()
#4 C:\xampp\htdocs\cro4\vendor\codeigniter4\framework\system\CodeIgniter.php(398): CodeIgniter\CodeIgniter->runController(Object(App\Controllers\C_login))
#5 C:\xampp\htdocs\cro4\vendor\codeigniter4\framework\system\CodeIgniter.php(306): CodeIgniter\CodeIgniter->handleRequest(NULL, Object(Config\Cache), false)
#6 C:\xampp\htdocs\cro4\index.php(46): CodeIgniter\CodeIgniter->run()
#7 {main}
CRITICAL - 2021-12-16 02:01:42 --> Class '\CodeIgniter\Database\pgsql\Connection' not found
#0 C:\xampp\htdocs\cro4\vendor\codeigniter4\framework\system\Database\Config.php(115): CodeIgniter\Database\Database->load(Array, 'db3')
#1 C:\xampp\htdocs\cro4\vendor\codeigniter4\framework\system\Model.php(336): CodeIgniter\Database\Config::connect('db3')
#2 C:\xampp\htdocs\cro4\app\Controllers\C_login.php(40): CodeIgniter\Model->__construct()
#3 C:\xampp\htdocs\cro4\vendor\codeigniter4\framework\system\CodeIgniter.php(910): App\Controllers\C_login->aksilogin()
#4 C:\xampp\htdocs\cro4\vendor\codeigniter4\framework\system\CodeIgniter.php(398): CodeIgniter\CodeIgniter->runController(Object(App\Controllers\C_login))
#5 C:\xampp\htdocs\cro4\vendor\codeigniter4\framework\system\CodeIgniter.php(306): CodeIgniter\CodeIgniter->handleRequest(NULL, Object(Config\Cache), false)
#6 C:\xampp\htdocs\cro4\index.php(46): CodeIgniter\CodeIgniter->run()
#7 {main}
CRITICAL - 2021-12-16 02:03:31 --> You must set the database table to be used with your query.
#0 C:\xampp\htdocs\cro4\vendor\codeigniter4\framework\system\Model.php(1190): CodeIgniter\Database\BaseConnection->table(NULL)
#1 C:\xampp\htdocs\cro4\vendor\codeigniter4\framework\system\Model.php(1700): CodeIgniter\Model->builder()
#2 C:\xampp\htdocs\cro4\app\Models\M_login.php(54): CodeIgniter\Model->__call('getWhere', Array)
#3 C:\xampp\htdocs\cro4\app\Controllers\C_login.php(50): App\Models\M_login->cek_login_v2('aji', 'SSM1234')
#4 C:\xampp\htdocs\cro4\vendor\codeigniter4\framework\system\CodeIgniter.php(910): App\Controllers\C_login->aksilogin()
#5 C:\xampp\htdocs\cro4\vendor\codeigniter4\framework\system\CodeIgniter.php(398): CodeIgniter\CodeIgniter->runController(Object(App\Controllers\C_login))
#6 C:\xampp\htdocs\cro4\vendor\codeigniter4\framework\system\CodeIgniter.php(306): CodeIgniter\CodeIgniter->handleRequest(NULL, Object(Config\Cache), false)
#7 C:\xampp\htdocs\cro4\index.php(46): CodeIgniter\CodeIgniter->run()
#8 {main}
CRITICAL - 2021-12-16 02:04:46 --> Call to a member function getWhere() on null
#0 C:\xampp\htdocs\cro4\app\Controllers\C_login.php(50): App\Models\M_login->cek_login_v2('aji', 'SSM1234')
#1 C:\xampp\htdocs\cro4\vendor\codeigniter4\framework\system\CodeIgniter.php(910): App\Controllers\C_login->aksilogin()
#2 C:\xampp\htdocs\cro4\vendor\codeigniter4\framework\system\CodeIgniter.php(398): CodeIgniter\CodeIgniter->runController(Object(App\Controllers\C_login))
#3 C:\xampp\htdocs\cro4\vendor\codeigniter4\framework\system\CodeIgniter.php(306): CodeIgniter\CodeIgniter->handleRequest(NULL, Object(Config\Cache), false)
#4 C:\xampp\htdocs\cro4\index.php(46): CodeIgniter\CodeIgniter->run()
#5 {main}
CRITICAL - 2021-12-16 02:05:10 --> Call to a member function where() on null
#0 C:\xampp\htdocs\cro4\app\Controllers\C_login.php(50): App\Models\M_login->cek_login_v2('aji', 'SSM1234')
#1 C:\xampp\htdocs\cro4\vendor\codeigniter4\framework\system\CodeIgniter.php(910): App\Controllers\C_login->aksilogin()
#2 C:\xampp\htdocs\cro4\vendor\codeigniter4\framework\system\CodeIgniter.php(398): CodeIgniter\CodeIgniter->runController(Object(App\Controllers\C_login))
#3 C:\xampp\htdocs\cro4\vendor\codeigniter4\framework\system\CodeIgniter.php(306): CodeIgniter\CodeIgniter->handleRequest(NULL, Object(Config\Cache), false)
#4 C:\xampp\htdocs\cro4\index.php(46): CodeIgniter\CodeIgniter->run()
#5 {main}
CRITICAL - 2021-12-16 02:07:02 --> Call to a member function where() on null
#0 C:\xampp\htdocs\cro4\app\Controllers\C_login.php(50): App\Models\M_login->cek_login_v2('aji', 'SSM1234')
#1 C:\xampp\htdocs\cro4\vendor\codeigniter4\framework\system\CodeIgniter.php(910): App\Controllers\C_login->aksilogin()
#2 C:\xampp\htdocs\cro4\vendor\codeigniter4\framework\system\CodeIgniter.php(398): CodeIgniter\CodeIgniter->runController(Object(App\Controllers\C_login))
#3 C:\xampp\htdocs\cro4\vendor\codeigniter4\framework\system\CodeIgniter.php(306): CodeIgniter\CodeIgniter->handleRequest(NULL, Object(Config\Cache), false)
#4 C:\xampp\htdocs\cro4\index.php(46): CodeIgniter\CodeIgniter->run()
#5 {main}
CRITICAL - 2021-12-16 02:08:38 --> Object of class App\Models\M_login could not be converted to string
#0 C:\xampp\htdocs\cro4\app\Controllers\C_login.php(50): App\Models\M_login->cek_login_v2('aji', 'SSM1234')
#1 C:\xampp\htdocs\cro4\vendor\codeigniter4\framework\system\CodeIgniter.php(910): App\Controllers\C_login->aksilogin()
#2 C:\xampp\htdocs\cro4\vendor\codeigniter4\framework\system\CodeIgniter.php(398): CodeIgniter\CodeIgniter->runController(Object(App\Controllers\C_login))
#3 C:\xampp\htdocs\cro4\vendor\codeigniter4\framework\system\CodeIgniter.php(306): CodeIgniter\CodeIgniter->handleRequest(NULL, Object(Config\Cache), false)
#4 C:\xampp\htdocs\cro4\index.php(46): CodeIgniter\CodeIgniter->run()
#5 {main}
CRITICAL - 2021-12-16 02:13:06 --> Object of class App\Models\M_login could not be converted to string
#0 C:\xampp\htdocs\cro4\app\Controllers\C_login.php(50): App\Models\M_login->cek_login_v2('aji', 'SSM1234')
#1 C:\xampp\htdocs\cro4\vendor\codeigniter4\framework\system\CodeIgniter.php(910): App\Controllers\C_login->aksilogin()
#2 C:\xampp\htdocs\cro4\vendor\codeigniter4\framework\system\CodeIgniter.php(398): CodeIgniter\CodeIgniter->runController(Object(App\Controllers\C_login))
#3 C:\xampp\htdocs\cro4\vendor\codeigniter4\framework\system\CodeIgniter.php(306): CodeIgniter\CodeIgniter->handleRequest(NULL, Object(Config\Cache), false)
#4 C:\xampp\htdocs\cro4\index.php(46): CodeIgniter\CodeIgniter->run()
#5 {main}
CRITICAL - 2021-12-16 02:13:20 --> Object of class App\Models\M_login could not be converted to string
#0 C:\xampp\htdocs\cro4\app\Controllers\C_login.php(50): App\Models\M_login->cek_login_v2('aji', 'SSM1234')
#1 C:\xampp\htdocs\cro4\vendor\codeigniter4\framework\system\CodeIgniter.php(910): App\Controllers\C_login->aksilogin()
#2 C:\xampp\htdocs\cro4\vendor\codeigniter4\framework\system\CodeIgniter.php(398): CodeIgniter\CodeIgniter->runController(Object(App\Controllers\C_login))
#3 C:\xampp\htdocs\cro4\vendor\codeigniter4\framework\system\CodeIgniter.php(306): CodeIgniter\CodeIgniter->handleRequest(NULL, Object(Config\Cache), false)
#4 C:\xampp\htdocs\cro4\index.php(46): CodeIgniter\CodeIgniter->run()
#5 {main}
CRITICAL - 2021-12-16 02:15:11 --> Object of class App\Models\M_login could not be converted to string
#0 C:\xampp\htdocs\cro4\app\Controllers\C_login.php(50): App\Models\M_login->cek_login_v2('aji', 'SSM1234')
#1 C:\xampp\htdocs\cro4\vendor\codeigniter4\framework\system\CodeIgniter.php(910): App\Controllers\C_login->aksilogin()
#2 C:\xampp\htdocs\cro4\vendor\codeigniter4\framework\system\CodeIgniter.php(398): CodeIgniter\CodeIgniter->runController(Object(App\Controllers\C_login))
#3 C:\xampp\htdocs\cro4\vendor\codeigniter4\framework\system\CodeIgniter.php(306): CodeIgniter\CodeIgniter->handleRequest(NULL, Object(Config\Cache), false)
#4 C:\xampp\htdocs\cro4\index.php(46): CodeIgniter\CodeIgniter->run()
#5 {main}
CRITICAL - 2021-12-16 02:17:29 --> You must set the database table to be used with your query.
#0 C:\xampp\htdocs\cro4\vendor\codeigniter4\framework\system\Model.php(1190): CodeIgniter\Database\BaseConnection->table(NULL)
#1 C:\xampp\htdocs\cro4\vendor\codeigniter4\framework\system\Model.php(1700): CodeIgniter\Model->builder()
#2 C:\xampp\htdocs\cro4\app\Models\M_login.php(61): CodeIgniter\Model->__call('where', Array)
#3 C:\xampp\htdocs\cro4\app\Controllers\C_login.php(50): App\Models\M_login->cek_login_v2('aji', 'SSM1234')
#4 C:\xampp\htdocs\cro4\vendor\codeigniter4\framework\system\CodeIgniter.php(910): App\Controllers\C_login->aksilogin()
#5 C:\xampp\htdocs\cro4\vendor\codeigniter4\framework\system\CodeIgniter.php(398): CodeIgniter\CodeIgniter->runController(Object(App\Controllers\C_login))
#6 C:\xampp\htdocs\cro4\vendor\codeigniter4\framework\system\CodeIgniter.php(306): CodeIgniter\CodeIgniter->handleRequest(NULL, Object(Config\Cache), false)
#7 C:\xampp\htdocs\cro4\index.php(46): CodeIgniter\CodeIgniter->run()
#8 {main}
CRITICAL - 2021-12-16 02:18:26 --> Object of class App\Models\M_login could not be converted to string
#0 C:\xampp\htdocs\cro4\app\Controllers\C_login.php(50): App\Models\M_login->cek_login_v2('aji', 'SSM1234')
#1 C:\xampp\htdocs\cro4\vendor\codeigniter4\framework\system\CodeIgniter.php(910): App\Controllers\C_login->aksilogin()
#2 C:\xampp\htdocs\cro4\vendor\codeigniter4\framework\system\CodeIgniter.php(398): CodeIgniter\CodeIgniter->runController(Object(App\Controllers\C_login))
#3 C:\xampp\htdocs\cro4\vendor\codeigniter4\framework\system\CodeIgniter.php(306): CodeIgniter\CodeIgniter->handleRequest(NULL, Object(Config\Cache), false)
#4 C:\xampp\htdocs\cro4\index.php(46): CodeIgniter\CodeIgniter->run()
#5 {main}
CRITICAL - 2021-12-16 02:20:31 --> Object of class App\Models\M_login could not be converted to string
#0 C:\xampp\htdocs\cro4\app\Controllers\C_login.php(50): App\Models\M_login->cek_login_v2('aji', 'SSM1234')
#1 C:\xampp\htdocs\cro4\vendor\codeigniter4\framework\system\CodeIgniter.php(910): App\Controllers\C_login->aksilogin()
#2 C:\xampp\htdocs\cro4\vendor\codeigniter4\framework\system\CodeIgniter.php(398): CodeIgniter\CodeIgniter->runController(Object(App\Controllers\C_login))
#3 C:\xampp\htdocs\cro4\vendor\codeigniter4\framework\system\CodeIgniter.php(306): CodeIgniter\CodeIgniter->handleRequest(NULL, Object(Config\Cache), false)
#4 C:\xampp\htdocs\cro4\index.php(46): CodeIgniter\CodeIgniter->run()
#5 {main}
CRITICAL - 2021-12-16 02:24:11 --> Object of class App\Models\M_login could not be converted to string
#0 C:\xampp\htdocs\cro4\app\Controllers\C_login.php(50): App\Models\M_login->cek_login_v2('aji', 'SSM1234')
#1 C:\xampp\htdocs\cro4\vendor\codeigniter4\framework\system\CodeIgniter.php(910): App\Controllers\C_login->aksilogin()
#2 C:\xampp\htdocs\cro4\vendor\codeigniter4\framework\system\CodeIgniter.php(398): CodeIgniter\CodeIgniter->runController(Object(App\Controllers\C_login))
#3 C:\xampp\htdocs\cro4\vendor\codeigniter4\framework\system\CodeIgniter.php(306): CodeIgniter\CodeIgniter->handleRequest(NULL, Object(Config\Cache), false)
#4 C:\xampp\htdocs\cro4\index.php(46): CodeIgniter\CodeIgniter->run()
#5 {main}
CRITICAL - 2021-12-16 02:24:55 --> Call to a member function post() on null
#0 C:\xampp\htdocs\cro4\vendor\codeigniter4\framework\system\CodeIgniter.php(910): App\Controllers\C_login->aksilogin()
#1 C:\xampp\htdocs\cro4\vendor\codeigniter4\framework\system\CodeIgniter.php(398): CodeIgniter\CodeIgniter->runController(Object(App\Controllers\C_login))
#2 C:\xampp\htdocs\cro4\vendor\codeigniter4\framework\system\CodeIgniter.php(306): CodeIgniter\CodeIgniter->handleRequest(NULL, Object(Config\Cache), false)
#3 C:\xampp\htdocs\cro4\index.php(46): CodeIgniter\CodeIgniter->run()
#4 {main}
CRITICAL - 2021-12-16 02:26:44 --> Object of class App\Models\M_login could not be converted to string
#0 C:\xampp\htdocs\cro4\app\Controllers\C_login.php(50): App\Models\M_login->cek_login_v2('aji', 'SSM1234')
#1 C:\xampp\htdocs\cro4\vendor\codeigniter4\framework\system\CodeIgniter.php(910): App\Controllers\C_login->aksilogin()
#2 C:\xampp\htdocs\cro4\vendor\codeigniter4\framework\system\CodeIgniter.php(398): CodeIgniter\CodeIgniter->runController(Object(App\Controllers\C_login))
#3 C:\xampp\htdocs\cro4\vendor\codeigniter4\framework\system\CodeIgniter.php(306): CodeIgniter\CodeIgniter->handleRequest(NULL, Object(Config\Cache), false)
#4 C:\xampp\htdocs\cro4\index.php(46): CodeIgniter\CodeIgniter->run()
#5 {main}
CRITICAL - 2021-12-16 02:27:10 --> Object of class App\Models\M_login could not be converted to string
#0 C:\xampp\htdocs\cro4\app\Controllers\C_login.php(50): App\Models\M_login->cek_login_v2('aji', 'SSM1234')
#1 C:\xampp\htdocs\cro4\vendor\codeigniter4\framework\system\CodeIgniter.php(910): App\Controllers\C_login->aksilogin()
#2 C:\xampp\htdocs\cro4\vendor\codeigniter4\framework\system\CodeIgniter.php(398): CodeIgniter\CodeIgniter->runController(Object(App\Controllers\C_login))
#3 C:\xampp\htdocs\cro4\vendor\codeigniter4\framework\system\CodeIgniter.php(306): CodeIgniter\CodeIgniter->handleRequest(NULL, Object(Config\Cache), false)
#4 C:\xampp\htdocs\cro4\index.php(46): CodeIgniter\CodeIgniter->run()
#5 {main}
CRITICAL - 2021-12-16 02:27:32 --> Object of class App\Models\M_login could not be converted to string
#0 C:\xampp\htdocs\cro4\app\Controllers\C_login.php(50): App\Models\M_login->cek_login_v2('aji', 'SSM1234')
#1 C:\xampp\htdocs\cro4\vendor\codeigniter4\framework\system\CodeIgniter.php(910): App\Controllers\C_login->aksilogin()
#2 C:\xampp\htdocs\cro4\vendor\codeigniter4\framework\system\CodeIgniter.php(398): CodeIgniter\CodeIgniter->runController(Object(App\Controllers\C_login))
#3 C:\xampp\htdocs\cro4\vendor\codeigniter4\framework\system\CodeIgniter.php(306): CodeIgniter\CodeIgniter->handleRequest(NULL, Object(Config\Cache), false)
#4 C:\xampp\htdocs\cro4\index.php(46): CodeIgniter\CodeIgniter->run()
#5 {main}
CRITICAL - 2021-12-16 02:35:22 --> Object of class App\Models\M_login could not be converted to string
#0 C:\xampp\htdocs\cro4\app\Controllers\C_login.php(50): App\Models\M_login->cek_login_v2('aji', 'SSM1234')
#1 C:\xampp\htdocs\cro4\vendor\codeigniter4\framework\system\CodeIgniter.php(910): App\Controllers\C_login->aksilogin()
#2 C:\xampp\htdocs\cro4\vendor\codeigniter4\framework\system\CodeIgniter.php(398): CodeIgniter\CodeIgniter->runController(Object(App\Controllers\C_login))
#3 C:\xampp\htdocs\cro4\vendor\codeigniter4\framework\system\CodeIgniter.php(306): CodeIgniter\CodeIgniter->handleRequest(NULL, Object(Config\Cache), false)
#4 C:\xampp\htdocs\cro4\index.php(46): CodeIgniter\CodeIgniter->run()
#5 {main}
CRITICAL - 2021-12-16 02:36:28 --> Object of class App\Models\M_login could not be converted to string
#0 C:\xampp\htdocs\cro4\app\Controllers\C_login.php(50): App\Models\M_login->cek_login_v2('aji', 'SSM1234')
#1 C:\xampp\htdocs\cro4\vendor\codeigniter4\framework\system\CodeIgniter.php(910): App\Controllers\C_login->aksilogin()
#2 C:\xampp\htdocs\cro4\vendor\codeigniter4\framework\system\CodeIgniter.php(398): CodeIgniter\CodeIgniter->runController(Object(App\Controllers\C_login))
#3 C:\xampp\htdocs\cro4\vendor\codeigniter4\framework\system\CodeIgniter.php(306): CodeIgniter\CodeIgniter->handleRequest(NULL, Object(Config\Cache), false)
#4 C:\xampp\htdocs\cro4\index.php(46): CodeIgniter\CodeIgniter->run()
#5 {main}
CRITICAL - 2021-12-16 02:37:27 --> Object of class App\Models\M_login could not be converted to string
#0 C:\xampp\htdocs\cro4\app\Controllers\C_login.php(50): App\Models\M_login->cek_login_v2('aji', 'SSM1234')
#1 C:\xampp\htdocs\cro4\vendor\codeigniter4\framework\system\CodeIgniter.php(910): App\Controllers\C_login->aksilogin()
#2 C:\xampp\htdocs\cro4\vendor\codeigniter4\framework\system\CodeIgniter.php(398): CodeIgniter\CodeIgniter->runController(Object(App\Controllers\C_login))
#3 C:\xampp\htdocs\cro4\vendor\codeigniter4\framework\system\CodeIgniter.php(306): CodeIgniter\CodeIgniter->handleRequest(NULL, Object(Config\Cache), false)
#4 C:\xampp\htdocs\cro4\index.php(46): CodeIgniter\CodeIgniter->run()
#5 {main}
CRITICAL - 2021-12-16 02:37:50 --> Object of class App\Models\M_login could not be converted to string
#0 C:\xampp\htdocs\cro4\app\Controllers\C_login.php(50): App\Models\M_login->cek_login_v2('aji', 'SSM1234')
#1 C:\xampp\htdocs\cro4\vendor\codeigniter4\framework\system\CodeIgniter.php(910): App\Controllers\C_login->aksilogin()
#2 C:\xampp\htdocs\cro4\vendor\codeigniter4\framework\system\CodeIgniter.php(398): CodeIgniter\CodeIgniter->runController(Object(App\Controllers\C_login))
#3 C:\xampp\htdocs\cro4\vendor\codeigniter4\framework\system\CodeIgniter.php(306): CodeIgniter\CodeIgniter->handleRequest(NULL, Object(Config\Cache), false)
#4 C:\xampp\htdocs\cro4\index.php(46): CodeIgniter\CodeIgniter->run()
#5 {main}
CRITICAL - 2021-12-16 02:38:08 --> Object of class App\Models\M_login could not be converted to string
#0 C:\xampp\htdocs\cro4\app\Controllers\C_login.php(50): App\Models\M_login->cek_login_v2('aji', 'SSM1234')
#1 C:\xampp\htdocs\cro4\vendor\codeigniter4\framework\system\CodeIgniter.php(910): App\Controllers\C_login->aksilogin()
#2 C:\xampp\htdocs\cro4\vendor\codeigniter4\framework\system\CodeIgniter.php(398): CodeIgniter\CodeIgniter->runController(Object(App\Controllers\C_login))
#3 C:\xampp\htdocs\cro4\vendor\codeigniter4\framework\system\CodeIgniter.php(306): CodeIgniter\CodeIgniter->handleRequest(NULL, Object(Config\Cache), false)
#4 C:\xampp\htdocs\cro4\index.php(46): CodeIgniter\CodeIgniter->run()
#5 {main}
CRITICAL - 2021-12-16 02:39:47 --> Object of class App\Models\M_login could not be converted to string
#0 C:\xampp\htdocs\cro4\app\Controllers\C_login.php(50): App\Models\M_login->cek_login_v2('aji', 'SSM1234')
#1 C:\xampp\htdocs\cro4\vendor\codeigniter4\framework\system\CodeIgniter.php(910): App\Controllers\C_login->aksilogin()
#2 C:\xampp\htdocs\cro4\vendor\codeigniter4\framework\system\CodeIgniter.php(398): CodeIgniter\CodeIgniter->runController(Object(App\Controllers\C_login))
#3 C:\xampp\htdocs\cro4\vendor\codeigniter4\framework\system\CodeIgniter.php(306): CodeIgniter\CodeIgniter->handleRequest(NULL, Object(Config\Cache), false)
#4 C:\xampp\htdocs\cro4\index.php(46): CodeIgniter\CodeIgniter->run()
#5 {main}
CRITICAL - 2021-12-16 02:42:26 --> Object of class App\Models\M_login could not be converted to string
#0 C:\xampp\htdocs\cro4\app\Controllers\C_login.php(50): App\Models\M_login->cek_login_v2('aji', 'SSM1234')
#1 C:\xampp\htdocs\cro4\vendor\codeigniter4\framework\system\CodeIgniter.php(910): App\Controllers\C_login->aksilogin()
#2 C:\xampp\htdocs\cro4\vendor\codeigniter4\framework\system\CodeIgniter.php(398): CodeIgniter\CodeIgniter->runController(Object(App\Controllers\C_login))
#3 C:\xampp\htdocs\cro4\vendor\codeigniter4\framework\system\CodeIgniter.php(306): CodeIgniter\CodeIgniter->handleRequest(NULL, Object(Config\Cache), false)
#4 C:\xampp\htdocs\cro4\index.php(46): CodeIgniter\CodeIgniter->run()
#5 {main}
CRITICAL - 2021-12-16 02:44:06 --> Call to undefined function App\Models\rint_r()
#0 C:\xampp\htdocs\cro4\app\Controllers\C_login.php(53): App\Models\M_login->cek_login_v2('aji', 'SSM1234')
#1 C:\xampp\htdocs\cro4\vendor\codeigniter4\framework\system\CodeIgniter.php(910): App\Controllers\C_login->aksilogin()
#2 C:\xampp\htdocs\cro4\vendor\codeigniter4\framework\system\CodeIgniter.php(398): CodeIgniter\CodeIgniter->runController(Object(App\Controllers\C_login))
#3 C:\xampp\htdocs\cro4\vendor\codeigniter4\framework\system\CodeIgniter.php(306): CodeIgniter\CodeIgniter->handleRequest(NULL, Object(Config\Cache), false)
#4 C:\xampp\htdocs\cro4\index.php(46): CodeIgniter\CodeIgniter->run()
#5 {main}
CRITICAL - 2021-12-16 02:45:09 --> Object of class App\Models\M_login could not be converted to string
#0 C:\xampp\htdocs\cro4\app\Controllers\C_login.php(53): App\Models\M_login->cek_login_v2('aji', 'SSM1234')
#1 C:\xampp\htdocs\cro4\vendor\codeigniter4\framework\system\CodeIgniter.php(910): App\Controllers\C_login->aksilogin()
#2 C:\xampp\htdocs\cro4\vendor\codeigniter4\framework\system\CodeIgniter.php(398): CodeIgniter\CodeIgniter->runController(Object(App\Controllers\C_login))
#3 C:\xampp\htdocs\cro4\vendor\codeigniter4\framework\system\CodeIgniter.php(306): CodeIgniter\CodeIgniter->handleRequest(NULL, Object(Config\Cache), false)
#4 C:\xampp\htdocs\cro4\index.php(46): CodeIgniter\CodeIgniter->run()
#5 {main}
CRITICAL - 2021-12-16 02:49:44 --> Object of class CodeIgniter\Database\Postgre\Builder could not be converted to string
#0 C:\xampp\htdocs\cro4\app\Controllers\C_login.php(53): App\Models\M_login->cek_login_v2('aji', 'SSM1234')
#1 C:\xampp\htdocs\cro4\vendor\codeigniter4\framework\system\CodeIgniter.php(910): App\Controllers\C_login->aksilogin()
#2 C:\xampp\htdocs\cro4\vendor\codeigniter4\framework\system\CodeIgniter.php(398): CodeIgniter\CodeIgniter->runController(Object(App\Controllers\C_login))
#3 C:\xampp\htdocs\cro4\vendor\codeigniter4\framework\system\CodeIgniter.php(306): CodeIgniter\CodeIgniter->handleRequest(NULL, Object(Config\Cache), false)
#4 C:\xampp\htdocs\cro4\index.php(46): CodeIgniter\CodeIgniter->run()
#5 {main}
CRITICAL - 2021-12-16 02:51:36 --> Object of class CodeIgniter\Database\Postgre\Builder could not be converted to string
#0 C:\xampp\htdocs\cro4\app\Controllers\C_login.php(53): App\Models\M_login->cek_login_v2('aji', 'SSM1234')
#1 C:\xampp\htdocs\cro4\vendor\codeigniter4\framework\system\CodeIgniter.php(910): App\Controllers\C_login->aksilogin()
#2 C:\xampp\htdocs\cro4\vendor\codeigniter4\framework\system\CodeIgniter.php(398): CodeIgniter\CodeIgniter->runController(Object(App\Controllers\C_login))
#3 C:\xampp\htdocs\cro4\vendor\codeigniter4\framework\system\CodeIgniter.php(306): CodeIgniter\CodeIgniter->handleRequest(NULL, Object(Config\Cache), false)
#4 C:\xampp\htdocs\cro4\index.php(46): CodeIgniter\CodeIgniter->run()
#5 {main}
CRITICAL - 2021-12-16 02:53:24 --> Object of class CodeIgniter\Database\Postgre\Builder could not be converted to string
#0 C:\xampp\htdocs\cro4\app\Controllers\C_login.php(53): App\Models\M_login->cek_login_v2('aji', 'SSM1234')
#1 C:\xampp\htdocs\cro4\vendor\codeigniter4\framework\system\CodeIgniter.php(910): App\Controllers\C_login->aksilogin()
#2 C:\xampp\htdocs\cro4\vendor\codeigniter4\framework\system\CodeIgniter.php(398): CodeIgniter\CodeIgniter->runController(Object(App\Controllers\C_login))
#3 C:\xampp\htdocs\cro4\vendor\codeigniter4\framework\system\CodeIgniter.php(306): CodeIgniter\CodeIgniter->handleRequest(NULL, Object(Config\Cache), false)
#4 C:\xampp\htdocs\cro4\index.php(46): CodeIgniter\CodeIgniter->run()
#5 {main}
CRITICAL - 2021-12-16 03:02:31 --> syntax error, unexpected '=>' (T_DOUBLE_ARROW), expecting ')'
#0 C:\xampp\htdocs\cro4\vendor\codeigniter4\framework\system\Autoloader\Autoloader.php(296): CodeIgniter\Autoloader\Autoloader->requireFile('C:\\xampp\\htdocs...')
#1 C:\xampp\htdocs\cro4\vendor\codeigniter4\framework\system\Autoloader\Autoloader.php(258): CodeIgniter\Autoloader\Autoloader->loadInNamespace('App\\Models\\M_lo...')
#2 [internal function]: CodeIgniter\Autoloader\Autoloader->loadClass('App\\Models\\M_lo...')
#3 C:\xampp\htdocs\cro4\app\Controllers\C_login.php(43): spl_autoload_call('App\\Models\\M_lo...')
#4 C:\xampp\htdocs\cro4\vendor\codeigniter4\framework\system\CodeIgniter.php(910): App\Controllers\C_login->aksilogin()
#5 C:\xampp\htdocs\cro4\vendor\codeigniter4\framework\system\CodeIgniter.php(398): CodeIgniter\CodeIgniter->runController(Object(App\Controllers\C_login))
#6 C:\xampp\htdocs\cro4\vendor\codeigniter4\framework\system\CodeIgniter.php(306): CodeIgniter\CodeIgniter->handleRequest(NULL, Object(Config\Cache), false)
#7 C:\xampp\htdocs\cro4\index.php(46): CodeIgniter\CodeIgniter->run()
#8 {main}
CRITICAL - 2021-12-16 03:02:49 --> You must set the database table to be used with your query.
#0 C:\xampp\htdocs\cro4\vendor\codeigniter4\framework\system\Model.php(1190): CodeIgniter\Database\BaseConnection->table(NULL)
#1 C:\xampp\htdocs\cro4\vendor\codeigniter4\framework\system\Model.php(1700): CodeIgniter\Model->builder()
#2 C:\xampp\htdocs\cro4\app\Controllers\C_login.php(53): CodeIgniter\Model->__call('getData', Array)
#3 C:\xampp\htdocs\cro4\vendor\codeigniter4\framework\system\CodeIgniter.php(910): App\Controllers\C_login->aksilogin()
#4 C:\xampp\htdocs\cro4\vendor\codeigniter4\framework\system\CodeIgniter.php(398): CodeIgniter\CodeIgniter->runController(Object(App\Controllers\C_login))
#5 C:\xampp\htdocs\cro4\vendor\codeigniter4\framework\system\CodeIgniter.php(306): CodeIgniter\CodeIgniter->handleRequest(NULL, Object(Config\Cache), false)
#6 C:\xampp\htdocs\cro4\index.php(46): CodeIgniter\CodeIgniter->run()
#7 {main}
CRITICAL - 2021-12-16 03:03:17 --> You must set the database table to be used with your query.
#0 C:\xampp\htdocs\cro4\vendor\codeigniter4\framework\system\Model.php(1190): CodeIgniter\Database\BaseConnection->table(NULL)
#1 C:\xampp\htdocs\cro4\vendor\codeigniter4\framework\system\Model.php(1700): CodeIgniter\Model->builder()
#2 C:\xampp\htdocs\cro4\app\Controllers\C_login.php(53): CodeIgniter\Model->__call('getData', Array)
#3 C:\xampp\htdocs\cro4\vendor\codeigniter4\framework\system\CodeIgniter.php(910): App\Controllers\C_login->aksilogin()
#4 C:\xampp\htdocs\cro4\vendor\codeigniter4\framework\system\CodeIgniter.php(398): CodeIgniter\CodeIgniter->runController(Object(App\Controllers\C_login))
#5 C:\xampp\htdocs\cro4\vendor\codeigniter4\framework\system\CodeIgniter.php(306): CodeIgniter\CodeIgniter->handleRequest(NULL, Object(Config\Cache), false)
#6 C:\xampp\htdocs\cro4\index.php(46): CodeIgniter\CodeIgniter->run()
#7 {main}
