CRITICAL - 2021-12-21 00:04:09 --> Invalid argument supplied for foreach()
#0 C:\xampp\htdocs\cro4\app\Controllers\C_cro.php(289): CodeIgniter\Debug\Exceptions->errorHandler(2, 'Invalid argumen...', 'C:\\xampp\\htdocs...', 289, Array)
#1 C:\xampp\htdocs\cro4\vendor\codeigniter4\framework\system\CodeIgniter.php(910): App\Controllers\C_cro->get_data_survey()
#2 C:\xampp\htdocs\cro4\vendor\codeigniter4\framework\system\CodeIgniter.php(398): CodeIgniter\CodeIgniter->runController(Object(App\Controllers\C_cro))
#3 C:\xampp\htdocs\cro4\vendor\codeigniter4\framework\system\CodeIgniter.php(306): CodeIgniter\CodeIgniter->handleRequest(NULL, Object(Config\Cache), false)
#4 C:\xampp\htdocs\cro4\index.php(46): CodeIgniter\CodeIgniter->run()
#5 {main}
CRITICAL - 2021-12-21 00:05:11 --> Invalid argument supplied for foreach()
#0 C:\xampp\htdocs\cro4\app\Controllers\C_cro.php(289): CodeIgniter\Debug\Exceptions->errorHandler(2, 'Invalid argumen...', 'C:\\xampp\\htdocs...', 289, Array)
#1 C:\xampp\htdocs\cro4\vendor\codeigniter4\framework\system\CodeIgniter.php(910): App\Controllers\C_cro->get_data_survey()
#2 C:\xampp\htdocs\cro4\vendor\codeigniter4\framework\system\CodeIgniter.php(398): CodeIgniter\CodeIgniter->runController(Object(App\Controllers\C_cro))
#3 C:\xampp\htdocs\cro4\vendor\codeigniter4\framework\system\CodeIgniter.php(306): CodeIgniter\CodeIgniter->handleRequest(NULL, Object(Config\Cache), false)
#4 C:\xampp\htdocs\cro4\index.php(46): CodeIgniter\CodeIgniter->run()
#5 {main}
CRITICAL - 2021-12-21 00:05:48 --> Call to undefined method CodeIgniter\Database\MySQLi\Result::num_rows()
#0 C:\xampp\htdocs\cro4\vendor\codeigniter4\framework\system\CodeIgniter.php(910): App\Controllers\C_cro->get_data_survey()
#1 C:\xampp\htdocs\cro4\vendor\codeigniter4\framework\system\CodeIgniter.php(398): CodeIgniter\CodeIgniter->runController(Object(App\Controllers\C_cro))
#2 C:\xampp\htdocs\cro4\vendor\codeigniter4\framework\system\CodeIgniter.php(306): CodeIgniter\CodeIgniter->handleRequest(NULL, Object(Config\Cache), false)
#3 C:\xampp\htdocs\cro4\index.php(46): CodeIgniter\CodeIgniter->run()
#4 {main}
CRITICAL - 2021-12-21 00:06:15 --> Call to undefined method CodeIgniter\Database\MySQLi\Result::num_rows()
#0 C:\xampp\htdocs\cro4\vendor\codeigniter4\framework\system\CodeIgniter.php(910): App\Controllers\C_cro->get_data_survey()
#1 C:\xampp\htdocs\cro4\vendor\codeigniter4\framework\system\CodeIgniter.php(398): CodeIgniter\CodeIgniter->runController(Object(App\Controllers\C_cro))
#2 C:\xampp\htdocs\cro4\vendor\codeigniter4\framework\system\CodeIgniter.php(306): CodeIgniter\CodeIgniter->handleRequest(NULL, Object(Config\Cache), false)
#3 C:\xampp\htdocs\cro4\index.php(46): CodeIgniter\CodeIgniter->run()
#4 {main}
CRITICAL - 2021-12-21 00:06:38 --> Call to undefined method CodeIgniter\Database\MySQLi\Result::num_rows()
#0 C:\xampp\htdocs\cro4\vendor\codeigniter4\framework\system\CodeIgniter.php(910): App\Controllers\C_cro->get_data_survey()
#1 C:\xampp\htdocs\cro4\vendor\codeigniter4\framework\system\CodeIgniter.php(398): CodeIgniter\CodeIgniter->runController(Object(App\Controllers\C_cro))
#2 C:\xampp\htdocs\cro4\vendor\codeigniter4\framework\system\CodeIgniter.php(306): CodeIgniter\CodeIgniter->handleRequest(NULL, Object(Config\Cache), false)
#3 C:\xampp\htdocs\cro4\index.php(46): CodeIgniter\CodeIgniter->run()
#4 {main}
CRITICAL - 2021-12-21 00:08:01 --> Call to undefined method CodeIgniter\Database\MySQLi\Result::num_rows()
#0 C:\xampp\htdocs\cro4\vendor\codeigniter4\framework\system\CodeIgniter.php(910): App\Controllers\C_cro->get_data_survey()
#1 C:\xampp\htdocs\cro4\vendor\codeigniter4\framework\system\CodeIgniter.php(398): CodeIgniter\CodeIgniter->runController(Object(App\Controllers\C_cro))
#2 C:\xampp\htdocs\cro4\vendor\codeigniter4\framework\system\CodeIgniter.php(306): CodeIgniter\CodeIgniter->handleRequest(NULL, Object(Config\Cache), false)
#3 C:\xampp\htdocs\cro4\index.php(46): CodeIgniter\CodeIgniter->run()
#4 {main}
CRITICAL - 2021-12-21 00:13:23 --> Call to undefined method CodeIgniter\Database\MySQLi\Result::num_rows()
#0 C:\xampp\htdocs\cro4\vendor\codeigniter4\framework\system\CodeIgniter.php(910): App\Controllers\C_cro->get_data_survey()
#1 C:\xampp\htdocs\cro4\vendor\codeigniter4\framework\system\CodeIgniter.php(398): CodeIgniter\CodeIgniter->runController(Object(App\Controllers\C_cro))
#2 C:\xampp\htdocs\cro4\vendor\codeigniter4\framework\system\CodeIgniter.php(306): CodeIgniter\CodeIgniter->handleRequest(NULL, Object(Config\Cache), false)
#3 C:\xampp\htdocs\cro4\index.php(46): CodeIgniter\CodeIgniter->run()
#4 {main}
CRITICAL - 2021-12-21 00:13:40 --> Call to undefined method CodeIgniter\Database\MySQLi\Result::num_rows()
#0 C:\xampp\htdocs\cro4\vendor\codeigniter4\framework\system\CodeIgniter.php(910): App\Controllers\C_cro->get_data_survey()
#1 C:\xampp\htdocs\cro4\vendor\codeigniter4\framework\system\CodeIgniter.php(398): CodeIgniter\CodeIgniter->runController(Object(App\Controllers\C_cro))
#2 C:\xampp\htdocs\cro4\vendor\codeigniter4\framework\system\CodeIgniter.php(306): CodeIgniter\CodeIgniter->handleRequest(NULL, Object(Config\Cache), false)
#3 C:\xampp\htdocs\cro4\index.php(46): CodeIgniter\CodeIgniter->run()
#4 {main}
CRITICAL - 2021-12-21 00:13:59 --> Call to undefined method CodeIgniter\Database\MySQLi\Result::num_rows()
#0 C:\xampp\htdocs\cro4\vendor\codeigniter4\framework\system\CodeIgniter.php(910): App\Controllers\C_cro->get_data_survey()
#1 C:\xampp\htdocs\cro4\vendor\codeigniter4\framework\system\CodeIgniter.php(398): CodeIgniter\CodeIgniter->runController(Object(App\Controllers\C_cro))
#2 C:\xampp\htdocs\cro4\vendor\codeigniter4\framework\system\CodeIgniter.php(306): CodeIgniter\CodeIgniter->handleRequest(NULL, Object(Config\Cache), false)
#3 C:\xampp\htdocs\cro4\index.php(46): CodeIgniter\CodeIgniter->run()
#4 {main}
CRITICAL - 2021-12-21 00:14:17 --> Call to undefined method CodeIgniter\Database\MySQLi\Result::num_rows()
#0 C:\xampp\htdocs\cro4\vendor\codeigniter4\framework\system\CodeIgniter.php(910): App\Controllers\C_cro->get_data_survey()
#1 C:\xampp\htdocs\cro4\vendor\codeigniter4\framework\system\CodeIgniter.php(398): CodeIgniter\CodeIgniter->runController(Object(App\Controllers\C_cro))
#2 C:\xampp\htdocs\cro4\vendor\codeigniter4\framework\system\CodeIgniter.php(306): CodeIgniter\CodeIgniter->handleRequest(NULL, Object(Config\Cache), false)
#3 C:\xampp\htdocs\cro4\index.php(46): CodeIgniter\CodeIgniter->run()
#4 {main}
CRITICAL - 2021-12-21 00:14:29 --> Call to undefined method CodeIgniter\Database\MySQLi\Result::num_rows()
#0 C:\xampp\htdocs\cro4\vendor\codeigniter4\framework\system\CodeIgniter.php(910): App\Controllers\C_cro->get_data_survey()
#1 C:\xampp\htdocs\cro4\vendor\codeigniter4\framework\system\CodeIgniter.php(398): CodeIgniter\CodeIgniter->runController(Object(App\Controllers\C_cro))
#2 C:\xampp\htdocs\cro4\vendor\codeigniter4\framework\system\CodeIgniter.php(306): CodeIgniter\CodeIgniter->handleRequest(NULL, Object(Config\Cache), false)
#3 C:\xampp\htdocs\cro4\index.php(46): CodeIgniter\CodeIgniter->run()
#4 {main}
CRITICAL - 2021-12-21 00:14:41 --> Call to undefined method CodeIgniter\Database\MySQLi\Result::num_rows()
#0 C:\xampp\htdocs\cro4\vendor\codeigniter4\framework\system\CodeIgniter.php(910): App\Controllers\C_cro->get_data_survey()
#1 C:\xampp\htdocs\cro4\vendor\codeigniter4\framework\system\CodeIgniter.php(398): CodeIgniter\CodeIgniter->runController(Object(App\Controllers\C_cro))
#2 C:\xampp\htdocs\cro4\vendor\codeigniter4\framework\system\CodeIgniter.php(306): CodeIgniter\CodeIgniter->handleRequest(NULL, Object(Config\Cache), false)
#3 C:\xampp\htdocs\cro4\index.php(46): CodeIgniter\CodeIgniter->run()
#4 {main}
CRITICAL - 2021-12-21 00:18:05 --> Cannot use object of type CodeIgniter\Database\MySQLi\Result as array
#0 C:\xampp\htdocs\cro4\app\Models\M_cro.php(243): App\Models\M_cro->_get_datatables_query('', '', '', '', '2021', '12')
#1 C:\xampp\htdocs\cro4\app\Controllers\C_cro.php(280): App\Models\M_cro->get_datatables('', '', '', '', '2021', '12')
#2 C:\xampp\htdocs\cro4\vendor\codeigniter4\framework\system\CodeIgniter.php(910): App\Controllers\C_cro->get_data_survey()
#3 C:\xampp\htdocs\cro4\vendor\codeigniter4\framework\system\CodeIgniter.php(398): CodeIgniter\CodeIgniter->runController(Object(App\Controllers\C_cro))
#4 C:\xampp\htdocs\cro4\vendor\codeigniter4\framework\system\CodeIgniter.php(306): CodeIgniter\CodeIgniter->handleRequest(NULL, Object(Config\Cache), false)
#5 C:\xampp\htdocs\cro4\index.php(46): CodeIgniter\CodeIgniter->run()
#6 {main}
CRITICAL - 2021-12-21 00:19:53 --> Cannot use object of type stdClass as array
#0 C:\xampp\htdocs\cro4\app\Models\M_cro.php(246): App\Models\M_cro->_get_datatables_query('', '', '', '', '2021', '12')
#1 C:\xampp\htdocs\cro4\app\Controllers\C_cro.php(280): App\Models\M_cro->get_datatables('', '', '', '', '2021', '12')
#2 C:\xampp\htdocs\cro4\vendor\codeigniter4\framework\system\CodeIgniter.php(910): App\Controllers\C_cro->get_data_survey()
#3 C:\xampp\htdocs\cro4\vendor\codeigniter4\framework\system\CodeIgniter.php(398): CodeIgniter\CodeIgniter->runController(Object(App\Controllers\C_cro))
#4 C:\xampp\htdocs\cro4\vendor\codeigniter4\framework\system\CodeIgniter.php(306): CodeIgniter\CodeIgniter->handleRequest(NULL, Object(Config\Cache), false)
#5 C:\xampp\htdocs\cro4\index.php(46): CodeIgniter\CodeIgniter->run()
#6 {main}
CRITICAL - 2021-12-21 00:21:56 --> Cannot use [] for reading
#0 C:\xampp\htdocs\cro4\app\Models\M_cro.php(247): App\Models\M_cro->_get_datatables_query('', '', '', '', '2021', '12')
#1 C:\xampp\htdocs\cro4\app\Controllers\C_cro.php(280): App\Models\M_cro->get_datatables('', '', '', '', '2021', '12')
#2 C:\xampp\htdocs\cro4\vendor\codeigniter4\framework\system\CodeIgniter.php(910): App\Controllers\C_cro->get_data_survey()
#3 C:\xampp\htdocs\cro4\vendor\codeigniter4\framework\system\CodeIgniter.php(398): CodeIgniter\CodeIgniter->runController(Object(App\Controllers\C_cro))
#4 C:\xampp\htdocs\cro4\vendor\codeigniter4\framework\system\CodeIgniter.php(306): CodeIgniter\CodeIgniter->handleRequest(NULL, Object(Config\Cache), false)
#5 C:\xampp\htdocs\cro4\index.php(46): CodeIgniter\CodeIgniter->run()
#6 {main}
CRITICAL - 2021-12-21 00:26:34 --> Cannot use [] for reading
#0 C:\xampp\htdocs\cro4\app\Models\M_cro.php(247): App\Models\M_cro->_get_datatables_query('', '', '', '', '2021', '12')
#1 C:\xampp\htdocs\cro4\app\Controllers\C_cro.php(280): App\Models\M_cro->get_datatables('', '', '', '', '2021', '12')
#2 C:\xampp\htdocs\cro4\vendor\codeigniter4\framework\system\CodeIgniter.php(910): App\Controllers\C_cro->get_data_survey()
#3 C:\xampp\htdocs\cro4\vendor\codeigniter4\framework\system\CodeIgniter.php(398): CodeIgniter\CodeIgniter->runController(Object(App\Controllers\C_cro))
#4 C:\xampp\htdocs\cro4\vendor\codeigniter4\framework\system\CodeIgniter.php(306): CodeIgniter\CodeIgniter->handleRequest(NULL, Object(Config\Cache), false)
#5 C:\xampp\htdocs\cro4\index.php(46): CodeIgniter\CodeIgniter->run()
#6 {main}
CRITICAL - 2021-12-21 00:28:30 --> Call to undefined method CodeIgniter\Database\MySQLi\Result::num_rows()
#0 C:\xampp\htdocs\cro4\vendor\codeigniter4\framework\system\CodeIgniter.php(910): App\Controllers\C_cro->get_data_survey()
#1 C:\xampp\htdocs\cro4\vendor\codeigniter4\framework\system\CodeIgniter.php(398): CodeIgniter\CodeIgniter->runController(Object(App\Controllers\C_cro))
#2 C:\xampp\htdocs\cro4\vendor\codeigniter4\framework\system\CodeIgniter.php(306): CodeIgniter\CodeIgniter->handleRequest(NULL, Object(Config\Cache), false)
#3 C:\xampp\htdocs\cro4\index.php(46): CodeIgniter\CodeIgniter->run()
#4 {main}
CRITICAL - 2021-12-21 00:30:15 --> Call to undefined method CodeIgniter\Database\MySQLi\Result::result()
#0 C:\xampp\htdocs\cro4\vendor\codeigniter4\framework\system\CodeIgniter.php(910): App\Controllers\C_cro->get_data_survey()
#1 C:\xampp\htdocs\cro4\vendor\codeigniter4\framework\system\CodeIgniter.php(398): CodeIgniter\CodeIgniter->runController(Object(App\Controllers\C_cro))
#2 C:\xampp\htdocs\cro4\vendor\codeigniter4\framework\system\CodeIgniter.php(306): CodeIgniter\CodeIgniter->handleRequest(NULL, Object(Config\Cache), false)
#3 C:\xampp\htdocs\cro4\index.php(46): CodeIgniter\CodeIgniter->run()
#4 {main}
CRITICAL - 2021-12-21 00:30:43 --> Call to undefined method CodeIgniter\Database\MySQLi\Connection::select()
#0 C:\xampp\htdocs\cro4\app\Controllers\C_cro.php(340): App\Models\M_cro->count_all('', '', '', '', '2021', '12')
#1 C:\xampp\htdocs\cro4\vendor\codeigniter4\framework\system\CodeIgniter.php(910): App\Controllers\C_cro->get_data_survey()
#2 C:\xampp\htdocs\cro4\vendor\codeigniter4\framework\system\CodeIgniter.php(398): CodeIgniter\CodeIgniter->runController(Object(App\Controllers\C_cro))
#3 C:\xampp\htdocs\cro4\vendor\codeigniter4\framework\system\CodeIgniter.php(306): CodeIgniter\CodeIgniter->handleRequest(NULL, Object(Config\Cache), false)
#4 C:\xampp\htdocs\cro4\index.php(46): CodeIgniter\CodeIgniter->run()
#5 {main}
